C51 COMPILER V9.59.0.0   STRETCH_SHRINK_LED                                                03/06/2021 15:23:57 PAGE 1   


C51 COMPILER V9.59.0.0, COMPILATION OF MODULE STRETCH_SHRINK_LED
OBJECT MODULE PLACED IN stretch_shrink_led.OBJ
COMPILER INVOKED BY: C:\Keil_v5\C51\BIN\C51.EXE stretch_shrink_led.c BROWSE DEBUG OBJECTEXTEND

line level    source

   1          #include<REG51F.H>
   2          
   3          void delay(unsigned long int time);
   4          void stretch_shrink(unsigned int no_of_led); 
   5          
   6          void main(){
   7   1              while(1){
   8   2                      stretch_shrink(8);
   9   2              }
  10   1      }
  11          
  12          void stretch_shrink(unsigned int no_of_led){
  13   1              unsigned int i,j,a,b,half;
  14   1              a = 1;
  15   1              b = 1;
  16   1              if(no_of_led%4==0){
  17   2                      half = no_of_led/2;
  18   2                      a = a<<half;
  19   2                      b = b<<half-1;
  20   2                      P0 = a+b;
  21   2                      delay(500);     
  22   2                      for(i=1;i<half;i++){
  23   3                              a = a<<1;
  24   3                              b = b>>1;
  25   3                              P0 = a+b;
  26   3                              delay(500);
  27   3      
  28   3                              if(i==half-1){
  29   4                                      for(j=half;j>2;j--){
  30   5                                              a = a>>1;
  31   5                                              b = b<<1;
  32   5                                              P0 = a+b;
  33   5                                              delay(500);
  34   5                                      }
  35   4                              }
  36   3                      }
  37   2              }
  38   1      }
  39          
  40          void delay(unsigned long int time){                       //Delay Function
  41   1              unsigned long int i;
  42   1              unsigned int j;
  43   1      
  44   1              for(i=0;i<time;i++){
  45   2                      for(j=0;j<120;j++){
  46   3                              
  47   3                      }
  48   2              }
  49   1      }


MODULE INFORMATION:   STATIC OVERLAYABLE
   CODE SIZE        =    303    ----
   CONSTANT SIZE    =   ----    ----
   XDATA SIZE       =   ----    ----
C51 COMPILER V9.59.0.0   STRETCH_SHRINK_LED                                                03/06/2021 15:23:57 PAGE 2   

   PDATA SIZE       =   ----    ----
   DATA SIZE        =   ----      18
   IDATA SIZE       =   ----    ----
   BIT SIZE         =   ----    ----
END OF MODULE INFORMATION.


C51 COMPILATION COMPLETE.  0 WARNING(S),  0 ERROR(S)
