C51 COMPILER V9.00   SEND_RECEIVE                                                          08/11/2010 12:29:41 PAGE 1   


C51 COMPILER V9.00, COMPILATION OF MODULE SEND_RECEIVE
OBJECT MODULE PLACED IN send_receive.OBJ
COMPILER INVOKED BY: C:\Keil\C51\BIN\C51.EXE send_receive.c BROWSE DEBUG OBJECTEXTEND

line level    source

   1          #include<REG51F.H>
   2          #include<string.h>
   3          #include "headers\lcd.h"
   4          #include "headers\ssd.h"
   5          #include "headers\uart.h"
   6          #include "headers\delay.h"
   7          
   8          void init_gsm(void);
   9          
  10          void main(void){
  11   1              char temp, whole_string[8];
  12   1              char on[3] = "on";
  13   1              char of[3] = "of";
  14   1              unsigned int i;
  15   1              Delay(1000);
  16   1              init_uart();
*** WARNING C206 IN LINE 16 OF SEND_RECEIVE.C: 'init_uart': missing function-prototype
  17   1              //init_lcd();
  18   1              init_gsm();
  19   1              P0=0x00;
  20   1      
  21   1              while(1){
  22   2      START: 
  23   2                      while(Receive() != '+');
  24   2                      
  25   2                      temp = Receive();
  26   2                      if(temp != 'C') goto START;
  27   2      
  28   2                      temp = Receive();
  29   2                      if(temp != 'M') goto START;
  30   2      
  31   2                      temp = Receive();
  32   2                      if(temp != 'T') goto START;
  33   2      
  34   2                      for(i=0;i<45;i++) temp = receive();
*** WARNING C206 IN LINE 34 OF SEND_RECEIVE.C: 'receive': missing function-prototype
  35   2                      
  36   2                      for(i=0;i<8;i++){
  37   3                              while(RI ==0);
  38   3                              RI=0;
  39   3                              whole_string[i] = SBUF;
  40   3                      }       
  41   2                      whole_string[i] = '\0';
  42   2      
  43   2                      Transmit_String(whole_string);
  44   2                      Transmit_String("\r\n");
  45   2                      Transmit_String(on);
  46   2      
  47   2      //              if(0 == strcmp(whole_string, on)){
  48   2      //                      P0 = 0xF0;
  49   2      //                      Delay(1000);
  50   2      //              }
  51   2      //              if(0 == strcmp(whole_string, of)){
  52   2      //                      P0 = 0x01;
  53   2      //                      Delay(1000);
C51 COMPILER V9.00   SEND_RECEIVE                                                          08/11/2010 12:29:41 PAGE 2   

  54   2      //              }
  55   2              }
  56   1      }
  57          
  58          void init_gsm(void){
  59   1              Transmit_String("AT");   //Initial AT Command
  60   1              Transmit(0x0D);                  //ASCII of Enter
  61   1              Delay(20);
  62   1      
  63   1              Transmit_String("ATE0"); //Echo Disable
  64   1              Transmit(0x0D);
  65   1              Delay(20);
  66   1      
  67   1              Transmit_String("AT+CMGF=1");   //SMS Mode
  68   1              Transmit(0x0D);
  69   1              Delay(20);
  70   1      
  71   1              Transmit_String("AT+CNMI=2,2,0,0,0");  //Terminal show not saved sms only
  72   1              Transmit(0x0D);
  73   1              Delay(20);
  74   1      }
  75          
  76          


MODULE INFORMATION:   STATIC OVERLAYABLE
   CODE SIZE        =    288    ----
   CONSTANT SIZE    =     45    ----
   XDATA SIZE       =   ----    ----
   PDATA SIZE       =   ----    ----
   DATA SIZE        =   ----      17
   IDATA SIZE       =   ----    ----
   BIT SIZE         =   ----    ----
END OF MODULE INFORMATION.


C51 COMPILATION COMPLETE.  2 WARNING(S),  0 ERROR(S)
