

HI-TECH Software PIC LITE Macro Assembler V9.70 build 5239 
                                                                                               Wed Aug 11 08:55:34 2010

HI-TECH Software Omniscient Code Generator (Lite mode) build 5239
     1  0000                     opt subtitle "HI-TECH Software Omniscient Code Generator (Lite mode) build 5239"
     2                           
     3                           opt pagewidth 120
     4                           
     5                           	opt lm
     6                           
     7                           	processor	16F876A
     8                           clrc	macro
     9                           	bcf	3,0
    10  0000                     	endm
    11                           clrz	macro
    12                           	bcf	3,2
    13  0000                     	endm
    14                           setc	macro
    15                           	bsf	3,0
    16  0000                     	endm
    17                           setz	macro
    18                           	bsf	3,2
    19  0000                     	endm
    20                           skipc	macro
    21                           	btfss	3,0
    22  0000                     	endm
    23                           skipz	macro
    24                           	btfss	3,2
    25  0000                     	endm
    26                           skipnc	macro
    27                           	btfsc	3,0
    28  0000                     	endm
    29                           skipnz	macro
    30                           	btfsc	3,2
    31  0000                     	endm
    32  0000                     indf	equ	0
    33  0000                     indf0	equ	0
    34  0002                     pc	equ	2
    35  0002                     pcl	equ	2
    36  0003                     status	equ	3
    37  0004                     fsr	equ	4
    38  0004                     fsr0	equ	4
    39  0001                     c	equ	1
    40  0000                     z	equ	0
    41  000A                     pclath	equ	10
    42                           ;COMMON:	_main->_marathon
    43                           ;COMMON:	_marathon->_delay
    44                           ;BANK0:	_main->_marathon
    45                           ;COMMON:	_marathon->_delay
    46                           	FNCALL	_main,_marathon
    47                           	FNCALL	_marathon,_delay
    48                           	FNROOT	_main
    49                           	global	_ADCON0
    50                           psect	text24,local,class=CODE,delta=2
    51                           global __ptext24
    52  0003                     __ptext24:
    53  001F                     _ADCON0  equ     31
    54                           	global	_ADRESH
    55  001E                     _ADRESH  equ     30
    56                           	global	_CCP1CON
    57  0017                     _CCP1CON  equ     23
    58                           	global	_CCP2CON
    59  001D                     _CCP2CON  equ     29
    60                           	global	_CCPR1H
    61  0016                     _CCPR1H  equ     22
    62                           	global	_CCPR1L
    63  0015                     _CCPR1L  equ     21
    64                           	global	_CCPR2H
    65  001C                     _CCPR2H  equ     28
    66                           	global	_CCPR2L
    67  001B                     _CCPR2L  equ     27
    68                           	global	_FSR
    69  0004                     _FSR  equ     4
    70                           	global	_INDF
    71  0000                     _INDF  equ     0
    72                           	global	_INTCON
    73  000B                     _INTCON  equ     11
    74                           	global	_PCL
    75  0002                     _PCL  equ     2
    76                           	global	_PCLATH
    77  000A                     _PCLATH  equ     10
    78                           	global	_PIR1
    79  000C                     _PIR1  equ     12
    80                           	global	_PIR2
    81  000D                     _PIR2  equ     13
    82                           	global	_PORTA
    83  0005                     _PORTA  equ     5
    84                           	global	_PORTB
    85  0006                     _PORTB  equ     6
    86                           	global	_PORTC
    87  0007                     _PORTC  equ     7
    88                           	global	_RCREG
    89  001A                     _RCREG  equ     26
    90                           	global	_RCSTA
    91  0018                     _RCSTA  equ     24
    92                           	global	_SSPBUF
    93  0013                     _SSPBUF  equ     19
    94                           	global	_SSPCON
    95  0014                     _SSPCON  equ     20
    96                           	global	_STATUS
    97  0003                     _STATUS  equ     3
    98                           	global	_T1CON
    99  0010                     _T1CON  equ     16
   100                           	global	_T2CON
   101  0012                     _T2CON  equ     18
   102                           	global	_TMR0
   103  0001                     _TMR0  equ     1
   104                           	global	_TMR1H
   105  000F                     _TMR1H  equ     15
   106                           	global	_TMR1L
   107  000E                     _TMR1L  equ     14
   108                           	global	_TMR2
   109  0011                     _TMR2  equ     17
   110                           	global	_TXREG
   111  0019                     _TXREG  equ     25
   112                           	global	_ADCS0
   113  00FE                     _ADCS0  equ     254
   114                           	global	_ADCS1
   115  00FF                     _ADCS1  equ     255
   116                           	global	_ADDEN
   117  00C3                     _ADDEN  equ     195
   118                           	global	_ADGO
   119  00FA                     _ADGO  equ     250
   120                           	global	_ADIF
   121  0066                     _ADIF  equ     102
   122                           	global	_ADON
   123  00F8                     _ADON  equ     248
   124                           	global	_BCLIF
   125  006B                     _BCLIF  equ     107
   126                           	global	_CARRY
   127  0018                     _CARRY  equ     24
   128                           	global	_CCP1IF
   129  0062                     _CCP1IF  equ     98
   130                           	global	_CCP1M0
   131  00B8                     _CCP1M0  equ     184
   132                           	global	_CCP1M1
   133  00B9                     _CCP1M1  equ     185
   134                           	global	_CCP1M2
   135  00BA                     _CCP1M2  equ     186
   136                           	global	_CCP1M3
   137  00BB                     _CCP1M3  equ     187
   138                           	global	_CCP1X
   139  00BD                     _CCP1X  equ     189
   140                           	global	_CCP1Y
   141  00BC                     _CCP1Y  equ     188
   142                           	global	_CCP2IF
   143  0068                     _CCP2IF  equ     104
   144                           	global	_CCP2M0
   145  00E8                     _CCP2M0  equ     232
   146                           	global	_CCP2M1
   147  00E9                     _CCP2M1  equ     233
   148                           	global	_CCP2M2
   149  00EA                     _CCP2M2  equ     234
   150                           	global	_CCP2M3
   151  00EB                     _CCP2M3  equ     235
   152                           	global	_CCP2X
   153  00ED                     _CCP2X  equ     237
   154                           	global	_CCP2Y
   155  00EC                     _CCP2Y  equ     236
   156                           	global	_CHS0
   157  00FB                     _CHS0  equ     251
   158                           	global	_CHS1
   159  00FC                     _CHS1  equ     252
   160                           	global	_CHS2
   161  00FD                     _CHS2  equ     253
   162                           	global	_CKP
   163  00A4                     _CKP  equ     164
   164                           	global	_CMIF
   165  006E                     _CMIF  equ     110
   166                           	global	_CREN
   167  00C4                     _CREN  equ     196
   168                           	global	_DC
   169  0019                     _DC  equ     25
   170                           	global	_EEIF
   171  006C                     _EEIF  equ     108
   172                           	global	_FERR
   173  00C2                     _FERR  equ     194
   174                           	global	_GIE
   175  005F                     _GIE  equ     95
   176                           	global	_GODONE
   177  00FA                     _GODONE  equ     250
   178                           	global	_INTE
   179  005C                     _INTE  equ     92
   180                           	global	_INTF
   181  0059                     _INTF  equ     89
   182                           	global	_IRP
   183  001F                     _IRP  equ     31
   184                           	global	_OERR
   185  00C1                     _OERR  equ     193
   186                           	global	_PD
   187  001B                     _PD  equ     27
   188                           	global	_PEIE
   189  005E                     _PEIE  equ     94
   190                           	global	_RA0
   191  0028                     _RA0  equ     40
   192                           	global	_RA1
   193  0029                     _RA1  equ     41
   194                           	global	_RA2
   195  002A                     _RA2  equ     42
   196                           	global	_RA3
   197  002B                     _RA3  equ     43
   198                           	global	_RA4
   199  002C                     _RA4  equ     44
   200                           	global	_RA5
   201  002D                     _RA5  equ     45
   202                           	global	_RB0
   203  0030                     _RB0  equ     48
   204                           	global	_RB1
   205  0031                     _RB1  equ     49
   206                           	global	_RB2
   207  0032                     _RB2  equ     50
   208                           	global	_RB3
   209  0033                     _RB3  equ     51
   210                           	global	_RB4
   211  0034                     _RB4  equ     52
   212                           	global	_RB5
   213  0035                     _RB5  equ     53
   214                           	global	_RB6
   215  0036                     _RB6  equ     54
   216                           	global	_RB7
   217  0037                     _RB7  equ     55
   218                           	global	_RBIE
   219  005B                     _RBIE  equ     91
   220                           	global	_RBIF
   221  0058                     _RBIF  equ     88
   222                           	global	_RC0
   223  0038                     _RC0  equ     56
   224                           	global	_RC1
   225  0039                     _RC1  equ     57
   226                           	global	_RC2
   227  003A                     _RC2  equ     58
   228                           	global	_RC3
   229  003B                     _RC3  equ     59
   230                           	global	_RC4
   231  003C                     _RC4  equ     60
   232                           	global	_RC5
   233  003D                     _RC5  equ     61
   234                           	global	_RC6
   235  003E                     _RC6  equ     62
   236                           	global	_RC7
   237  003F                     _RC7  equ     63
   238                           	global	_RCIF
   239  0065                     _RCIF  equ     101
   240                           	global	_RP0
   241  001D                     _RP0  equ     29
   242                           	global	_RP1
   243  001E                     _RP1  equ     30
   244                           	global	_RX9
   245  00C6                     _RX9  equ     198
   246                           	global	_RX9D
   247  00C0                     _RX9D  equ     192
   248                           	global	_SPEN
   249  00C7                     _SPEN  equ     199
   250                           	global	_SREN
   251  00C5                     _SREN  equ     197
   252                           	global	_SSPEN
   253  00A5                     _SSPEN  equ     165
   254                           	global	_SSPIF
   255  0063                     _SSPIF  equ     99
   256                           	global	_SSPM0
   257  00A0                     _SSPM0  equ     160
   258                           	global	_SSPM1
   259  00A1                     _SSPM1  equ     161
   260                           	global	_SSPM2
   261  00A2                     _SSPM2  equ     162
   262                           	global	_SSPM3
   263  00A3                     _SSPM3  equ     163
   264                           	global	_SSPOV
   265  00A6                     _SSPOV  equ     166
   266                           	global	_T0IE
   267  005D                     _T0IE  equ     93
   268                           	global	_T0IF
   269  005A                     _T0IF  equ     90
   270                           	global	_T1CKPS0
   271  0084                     _T1CKPS0  equ     132
   272                           	global	_T1CKPS1
   273  0085                     _T1CKPS1  equ     133
   274                           	global	_T1OSCEN
   275  0083                     _T1OSCEN  equ     131
   276                           	global	_T1SYNC
   277  0082                     _T1SYNC  equ     130
   278                           	global	_T2CKPS0
   279  0090                     _T2CKPS0  equ     144
   280                           	global	_T2CKPS1
   281  0091                     _T2CKPS1  equ     145
   282                           	global	_TMR0IE
   283  005D                     _TMR0IE  equ     93
   284                           	global	_TMR0IF
   285  005A                     _TMR0IF  equ     90
   286                           	global	_TMR1CS
   287  0081                     _TMR1CS  equ     129
   288                           	global	_TMR1IF
   289  0060                     _TMR1IF  equ     96
   290                           	global	_TMR1ON
   291  0080                     _TMR1ON  equ     128
   292                           	global	_TMR2IF
   293  0061                     _TMR2IF  equ     97
   294                           	global	_TMR2ON
   295  0092                     _TMR2ON  equ     146
   296                           	global	_TO
   297  001C                     _TO  equ     28
   298                           	global	_TOUTPS0
   299  0093                     _TOUTPS0  equ     147
   300                           	global	_TOUTPS1
   301  0094                     _TOUTPS1  equ     148
   302                           	global	_TOUTPS2
   303  0095                     _TOUTPS2  equ     149
   304                           	global	_TOUTPS3
   305  0096                     _TOUTPS3  equ     150
   306                           	global	_TXIF
   307  0064                     _TXIF  equ     100
   308                           	global	_WCOL
   309  00A7                     _WCOL  equ     167
   310                           	global	_ZERO
   311  001A                     _ZERO  equ     26
   312                           	global	_ADCON1
   313  009F                     _ADCON1  equ     159
   314                           	global	_ADRESL
   315  009E                     _ADRESL  equ     158
   316                           	global	_CMCON
   317  009C                     _CMCON  equ     156
   318                           	global	_CVRCON
   319  009D                     _CVRCON  equ     157
   320                           	global	_OPTION
   321  0081                     _OPTION  equ     129
   322                           	global	_PCON
   323  008E                     _PCON  equ     142
   324                           	global	_PIE1
   325  008C                     _PIE1  equ     140
   326                           	global	_PIE2
   327  008D                     _PIE2  equ     141
   328                           	global	_PR2
   329  0092                     _PR2  equ     146
   330                           	global	_SPBRG
   331  0099                     _SPBRG  equ     153
   332                           	global	_SSPADD
   333  0093                     _SSPADD  equ     147
   334                           	global	_SSPCON2
   335  0091                     _SSPCON2  equ     145
   336                           	global	_SSPSTAT
   337  0094                     _SSPSTAT  equ     148
   338                           	global	_TRISA
   339  0085                     _TRISA  equ     133
   340                           	global	_TRISB
   341  0086                     _TRISB  equ     134
   342                           	global	_TRISC
   343  0087                     _TRISC  equ     135
   344                           	global	_TXSTA
   345  0098                     _TXSTA  equ     152
   346                           	global	_ACKDT
   347  048D                     _ACKDT  equ     1165
   348                           	global	_ACKEN
   349  048C                     _ACKEN  equ     1164
   350                           	global	_ACKSTAT
   351  048E                     _ACKSTAT  equ     1166
   352                           	global	_ADCS2
   353  04FE                     _ADCS2  equ     1278
   354                           	global	_ADFM
   355  04FF                     _ADFM  equ     1279
   356                           	global	_ADIE
   357  0466                     _ADIE  equ     1126
   358                           	global	_BCLIE
   359  046B                     _BCLIE  equ     1131
   360                           	global	_BF
   361  04A0                     _BF  equ     1184
   362                           	global	_BOR
   363  0470                     _BOR  equ     1136
   364                           	global	_BRGH
   365  04C2                     _BRGH  equ     1218
   366                           	global	_C1INV
   367  04E4                     _C1INV  equ     1252
   368                           	global	_C1OUT
   369  04E6                     _C1OUT  equ     1254
   370                           	global	_C2INV
   371  04E5                     _C2INV  equ     1253
   372                           	global	_C2OUT
   373  04E7                     _C2OUT  equ     1255
   374                           	global	_CCP1IE
   375  0462                     _CCP1IE  equ     1122
   376                           	global	_CCP2IE
   377  0468                     _CCP2IE  equ     1128
   378                           	global	_CIS
   379  04E3                     _CIS  equ     1251
   380                           	global	_CKE
   381  04A6                     _CKE  equ     1190
   382                           	global	_CM0
   383  04E0                     _CM0  equ     1248
   384                           	global	_CM1
   385  04E1                     _CM1  equ     1249
   386                           	global	_CM2
   387  04E2                     _CM2  equ     1250
   388                           	global	_CMIE
   389  046E                     _CMIE  equ     1134
   390                           	global	_CSRC
   391  04C7                     _CSRC  equ     1223
   392                           	global	_CVR0
   393  04E8                     _CVR0  equ     1256
   394                           	global	_CVR1
   395  04E9                     _CVR1  equ     1257
   396                           	global	_CVR2
   397  04EA                     _CVR2  equ     1258
   398                           	global	_CVR3
   399  04EB                     _CVR3  equ     1259
   400                           	global	_CVREN
   401  04EF                     _CVREN  equ     1263
   402                           	global	_CVROE
   403  04EE                     _CVROE  equ     1262
   404                           	global	_CVRR
   405  04ED                     _CVRR  equ     1261
   406                           	global	_DA
   407  04A5                     _DA  equ     1189
   408                           	global	_EEIE
   409  046C                     _EEIE  equ     1132
   410                           	global	_GCEN
   411  048F                     _GCEN  equ     1167
   412                           	global	_INTEDG
   413  040E                     _INTEDG  equ     1038
   414                           	global	_PCFG0
   415  04F8                     _PCFG0  equ     1272
   416                           	global	_PCFG1
   417  04F9                     _PCFG1  equ     1273
   418                           	global	_PCFG2
   419  04FA                     _PCFG2  equ     1274
   420                           	global	_PCFG3
   421  04FB                     _PCFG3  equ     1275
   422                           	global	_PEN
   423  048A                     _PEN  equ     1162
   424                           	global	_POR
   425  0471                     _POR  equ     1137
   426                           	global	_PS0
   427  0408                     _PS0  equ     1032
   428                           	global	_PS1
   429  0409                     _PS1  equ     1033
   430                           	global	_PS2
   431  040A                     _PS2  equ     1034
   432                           	global	_PSA
   433  040B                     _PSA  equ     1035
   434                           	global	_RBPU
   435  040F                     _RBPU  equ     1039
   436                           	global	_RCEN
   437  048B                     _RCEN  equ     1163
   438                           	global	_RCIE
   439  0465                     _RCIE  equ     1125
   440                           	global	_RSEN
   441  0489                     _RSEN  equ     1161
   442                           	global	_RW
   443  04A2                     _RW  equ     1186
   444                           	global	_SEN
   445  0488                     _SEN  equ     1160
   446                           	global	_SMP
   447  04A7                     _SMP  equ     1191
   448                           	global	_SSPIE
   449  0463                     _SSPIE  equ     1123
   450                           	global	_START
   451  04A3                     _START  equ     1187
   452                           	global	_STOP
   453  04A4                     _STOP  equ     1188
   454                           	global	_SYNC
   455  04C4                     _SYNC  equ     1220
   456                           	global	_T0CS
   457  040D                     _T0CS  equ     1037
   458                           	global	_T0SE
   459  040C                     _T0SE  equ     1036
   460                           	global	_TMR1IE
   461  0460                     _TMR1IE  equ     1120
   462                           	global	_TMR2IE
   463  0461                     _TMR2IE  equ     1121
   464                           	global	_TRISA0
   465  0428                     _TRISA0  equ     1064
   466                           	global	_TRISA1
   467  0429                     _TRISA1  equ     1065
   468                           	global	_TRISA2
   469  042A                     _TRISA2  equ     1066
   470                           	global	_TRISA3
   471  042B                     _TRISA3  equ     1067
   472                           	global	_TRISA4
   473  042C                     _TRISA4  equ     1068
   474                           	global	_TRISA5
   475  042D                     _TRISA5  equ     1069
   476                           	global	_TRISB0
   477  0430                     _TRISB0  equ     1072
   478                           	global	_TRISB1
   479  0431                     _TRISB1  equ     1073
   480                           	global	_TRISB2
   481  0432                     _TRISB2  equ     1074
   482                           	global	_TRISB3
   483  0433                     _TRISB3  equ     1075
   484                           	global	_TRISB4
   485  0434                     _TRISB4  equ     1076
   486                           	global	_TRISB5
   487  0435                     _TRISB5  equ     1077
   488                           	global	_TRISB6
   489  0436                     _TRISB6  equ     1078
   490                           	global	_TRISB7
   491  0437                     _TRISB7  equ     1079
   492                           	global	_TRISC0
   493  0438                     _TRISC0  equ     1080
   494                           	global	_TRISC1
   495  0439                     _TRISC1  equ     1081
   496                           	global	_TRISC2
   497  043A                     _TRISC2  equ     1082
   498                           	global	_TRISC3
   499  043B                     _TRISC3  equ     1083
   500                           	global	_TRISC4
   501  043C                     _TRISC4  equ     1084
   502                           	global	_TRISC5
   503  043D                     _TRISC5  equ     1085
   504                           	global	_TRISC6
   505  043E                     _TRISC6  equ     1086
   506                           	global	_TRISC7
   507  043F                     _TRISC7  equ     1087
   508                           	global	_TRMT
   509  04C1                     _TRMT  equ     1217
   510                           	global	_TX9
   511  04C6                     _TX9  equ     1222
   512                           	global	_TX9D
   513  04C0                     _TX9D  equ     1216
   514                           	global	_TXEN
   515  04C5                     _TXEN  equ     1221
   516                           	global	_TXIE
   517  0464                     _TXIE  equ     1124
   518                           	global	_UA
   519  04A1                     _UA  equ     1185
   520                           	global	_EEADR
   521  010D                     _EEADR  equ     269
   522                           	global	_EEADRH
   523  010F                     _EEADRH  equ     271
   524                           	global	_EEADRL
   525  010D                     _EEADRL  equ     269
   526                           	global	_EEDATA
   527  010C                     _EEDATA  equ     268
   528                           	global	_EEDATH
   529  010E                     _EEDATH  equ     270
   530                           	global	_EECON1
   531  018C                     _EECON1  equ     396
   532                           	global	_EECON2
   533  018D                     _EECON2  equ     397
   534                           	global	_EEPGD
   535  0C67                     _EEPGD  equ     3175
   536                           	global	_RD
   537  0C60                     _RD  equ     3168
   538                           	global	_WR
   539  0C61                     _WR  equ     3169
   540                           	global	_WREN
   541  0C62                     _WREN  equ     3170
   542                           	global	_WRERR
   543  0C63                     _WRERR  equ     3171
   544                           	file	"marathon.as"
   545                           	line	#
   546                           psect cinit,class=CODE,delta=2
   547                           global start_initialization
   548  0768                     start_initialization:
   549                           
   550                           psect cinit,class=CODE,delta=2
   551                           global end_of_initialization
   552                           
   553                           ;End of C runtime variable initationation code
   554                           
   555  0768                     end_of_initialization:
   556  0768  0183               clrf status
   557  0769  120A  118A  2F6C   ljmp _main	;jump to C main() function
   558                           psect	cstackCOMMON,class=COMMON,space=1
   559                           global __pcstackCOMMON
   560  0070                     __pcstackCOMMON:
   561                           	global	??_delay
   562  0070                     ??_delay: ;@ 0x0
   563                           	global	delay@i
   564  0070                     delay@i:	; 2 bytes @ 0x0
   565  0070                     	ds	2
   566                           	global	delay@j
   567  0072                     delay@j:	; 2 bytes @ 0x2
   568  0072                     	ds	1
   569                           	global	??_main
   570  0073                     ??_main: ;@ 0x3
   571  0073                     	ds	1
   572                           	global	?_delay
   573  0074                     ?_delay: ;@ 0x4
   574                           	global	delay@time
   575  0074                     delay@time:	; 2 bytes @ 0x4
   576  0074                     	ds	2
   577                           	global	??_marathon
   578  0076                     ??_marathon: ;@ 0x6
   579  0076                     	ds	3
   580                           	global	?_main
   581  0079                     ?_main: ;@ 0x9
   582                           	global	?_marathon
   583  0079                     ?_marathon: ;@ 0x9
   584                           psect	cstackBANK0,class=BANK0,space=1
   585                           global __pcstackBANK0
   586  0020                     __pcstackBANK0:
   587                           	global	marathon@value
   588  0020                     marathon@value:	; 2 bytes @ 0x0
   589  0020                     	ds	2
   590                           	global	marathon@i
   591  0022                     marathon@i:	; 2 bytes @ 0x2
   592  0022                     	ds	2
   593                           ;Data sizes: Strings 0, constant 0, data 0, bss 0, persistent 0 stack 0
   594                           ;Auto spaces:   Size  Autos    Used
   595                           ; COMMON          14      9       9
   596                           ; BANK0           80      4       4
   597                           ; BANK1           80      0       0
   598                           ; BANK3           96      0       0
   599                           ; BANK2           96      0       0
   600                           
   601                           
   602                           ;Pointer list with targets:
   603                           
   604                           
   605                           
   606                           ;Main: autosize = 0, tempsize = 0, incstack = 0, save=0
   607                           
   608                           
   609                           ;Call graph:                      Base Space Used Autos Args Refs Density
   610                           ;_main                                                0    0  202   0.00
   611                           ;           _marathon
   612                           ;  _marathon                                          7    0  202   0.00
   613                           ;                                    6 COMMO    3
   614                           ;                                    0 BANK0    4
   615                           ;              _delay
   616                           ;    _delay                                           4    2   68   0.00
   617                           ;                                    0 COMMO    6
   618                           ; Estimated maximum call depth 2
   619                           ; Address spaces:
   620                           
   621                           ;Name               Size   Autos  Total    Cost      Usage
   622                           ;BITCOMMON            E      0       0       0        0.0%
   623                           ;CODE                 0      0       0       0        0.0%
   624                           ;NULL                 0      0       0       0        0.0%
   625                           ;COMMON               E      9       9       1       64.3%
   626                           ;SFR0                 0      0       0       1        0.0%
   627                           ;BITSFR0              0      0       0       1        0.0%
   628                           ;BITSFR1              0      0       0       2        0.0%
   629                           ;SFR1                 0      0       0       2        0.0%
   630                           ;ABS                  0      0       3       2        0.0%
   631                           ;STACK                0      0       0       3        0.0%
   632                           ;BITBANK0            50      0       0       4        0.0%
   633                           ;SFR3                 0      0       0       4        0.0%
   634                           ;BITSFR3              0      0       0       4        0.0%
   635                           ;BANK0               50      4       4       5        5.0%
   636                           ;BITSFR2              0      0       0       5        0.0%
   637                           ;SFR2                 0      0       0       5        0.0%
   638                           ;BITBANK1            50      0       0       6        0.0%
   639                           ;BANK1               50      0       0       7        0.0%
   640                           ;BITBANK3            60      0       0       8        0.0%
   641                           ;BANK3               60      0       0       9        0.0%
   642                           ;BITBANK2            60      0       0      10        0.0%
   643                           ;BANK2               60      0       0      11        0.0%
   644                           ;DATA                 0      0       3      12        0.0%
   645                           ;EEDATA             100      0       0    1000        0.0%
   646                           
   647                           	global	_main
   648                           psect	maintext,local,class=CODE,delta=2
   649                           global __pmaintext
   650  076C                     __pmaintext:
   651                           
   652                           ; *************** function _main *****************
   653                           ; Defined at:
   654                           ;		line 7 in file "C:\Users\Prolific\Desktop\Manthan Ladva\Pic16-Projects\led\marathon\m
                                 arathon.c"
   655                           ; Parameters:    Size  Location     Type
   656                           ;		None
   657                           ; Auto vars:     Size  Location     Type
   658                           ;		None
   659                           ; Return value:  Size  Location     Type
   660                           ;		None               void
   661                           ; Registers used:
   662                           ;		wreg, status,2, status,0, pclath, cstack
   663                           ; Tracked objects:
   664                           ;		On entry : 17F/0
   665                           ;		On exit  : 0/0
   666                           ;		Unchanged: 0/0
   667                           ; Data sizes:     COMMON   BANK0   BANK1   BANK3   BANK2
   668                           ;      Locals:         0       0       0       0       0
   669                           ;      Temp:     0
   670                           ;      Total:    0
   671                           ; This function calls:
   672                           ;		_marathon
   673                           ; This function is called by:
   674                           ;		Startup code after reset
   675                           ; This function uses a non-reentrant model
   676                           ; 
   677                           psect	maintext
   678                           	file	"C:\Users\Prolific\Desktop\Manthan Ladva\Pic16-Projects\led\marathon\marathon.c"
   679                           	line	7
   680                           	global	__size_of_main
   681  0009                     	__size_of_main	equ	__end_of_main-_main
   682                           ;pic168xa.h: 19: volatile unsigned char INDF @ 0x00;
   683                           ;pic168xa.h: 20: volatile unsigned char TMR0 @ 0x01;
   684                           ;pic168xa.h: 21: volatile unsigned char PCL @ 0x02;
   685                           ;pic168xa.h: 22: volatile unsigned char STATUS @ 0x03;
   686                           ;pic168xa.h: 23: unsigned char FSR @ 0x04;
   687                           ;pic168xa.h: 24: volatile unsigned char PORTA @ 0x05;
   688                           ;pic168xa.h: 25: volatile unsigned char PORTB @ 0x06;
   689                           ;pic168xa.h: 26: volatile unsigned char PORTC @ 0x07;
   690                           ;pic168xa.h: 31: unsigned char PCLATH @ 0x0A;
   691                           ;pic168xa.h: 32: volatile unsigned char INTCON @ 0x0B;
   692                           	
   693  076C                     _main:	
   694                           	opt stack 8
   695                           ; Regs used in _main: [wreg+status,2+status,0+pclath+cstack]
   696                           	
   697  076C                     l3:	
   698                           	
   699  076C                     l30000376:	
   700                           	line	8
   701  076C  120A  118A  279E   	fcall	_marathon
              120A  118A         
   702  0771  2F6C               	goto	l3
   703                           	global	start
   704  0772  120A  118A  2800   	ljmp	start
   705                           	opt stack 0
   706                           GLOBAL	__end_of_main
   707  0775                     	__end_of_main:
   708                           ; =============== function _main ends ============
   709                           
   710                           psect	maintext
   711                           	line	9
   712                           	signat	_main,88
   713                           	global	_marathon
   714                           psect	text25,local,class=CODE,delta=2
   715                           global __ptext25
   716  079E                     __ptext25:
   717                           
   718                           ; *************** function _marathon *****************
   719                           ; Defined at:
   720                           ;		line 12 in file "C:\Users\Prolific\Desktop\Manthan Ladva\Pic16-Projects\led\marathon\
                                 marathon.c"
   721                           ; Parameters:    Size  Location     Type
   722                           ;		None
   723                           ; Auto vars:     Size  Location     Type
   724                           ;  i               2    2[BANK0 ] unsigned int 
   725                           ;  value           2    0[BANK0 ] unsigned int 
   726                           ; Return value:  Size  Location     Type
   727                           ;		None               void
   728                           ; Registers used:
   729                           ;		wreg, status,2, status,0, pclath, cstack
   730                           ; Tracked objects:
   731                           ;		On entry : 0/0
   732                           ;		On exit  : 0/0
   733                           ;		Unchanged: 0/0
   734                           ; Data sizes:     COMMON   BANK0   BANK1   BANK3   BANK2
   735                           ;      Locals:         3       4       0       0       0
   736                           ;      Temp:     3
   737                           ;      Total:    7
   738                           ; This function calls:
   739                           ;		_delay
   740                           ; This function is called by:
   741                           ;		_main
   742                           ; This function uses a non-reentrant model
   743                           ; 
   744                           psect	text25
   745                           	file	"C:\Users\Prolific\Desktop\Manthan Ladva\Pic16-Projects\led\marathon\marathon.c"
   746                           	line	12
   747                           	global	__size_of_marathon
   748  0062                     	__size_of_marathon	equ	__end_of_marathon-_marathon
   749                           ;marathon.c: 11: void marathon(void)
   750                           ;marathon.c: 12: {
   751                           	
   752  079E                     _marathon:	
   753                           	opt stack 7
   754                           ; Regs used in _marathon: [wreg+status,2+status,0+pclath+cstack]
   755                           	line	13
   756                           	
   757  079E                     l30000360:	
   758                           ;marathon.c: 13: TRISB = 0x00;
   759  079E  1003               	clrc
   760  079F  3000               	movlw	0
   761  07A0  1803               	btfsc	status,0
   762  07A1  3001               	movlw	1
   763  07A2  1683               	bsf	status, 5	;RP0=1, select bank1
   764  07A3  1303               	bcf	status, 6	;RP1=0, select bank1
   765  07A4  0086               	movwf	(134)^080h	;volatile
   766                           	
   767  07A5                     l30000361:	
   768                           	line	14
   769                           ;marathon.c: 14: unsigned int i,value = 0x01;
   770  07A5  3001               	movlw	low(01h)
   771  07A6  1283               	bcf	status, 5	;RP0=0, select bank0
   772  07A7  1303               	bcf	status, 6	;RP1=0, select bank0
   773  07A8  00A0               	movwf	(marathon@value)
   774  07A9  3000               	movlw	high(01h)
   775  07AA  00A1               	movwf	((marathon@value))+1
   776                           	
   777  07AB                     l30000362:	
   778                           	line	15
   779                           ;marathon.c: 15: for(i=0;i<8;i++)
   780  07AB  3000               	movlw	low(0)
   781  07AC  00A2               	movwf	(marathon@i)
   782  07AD  3000               	movlw	high(0)
   783  07AE  00A3               	movwf	((marathon@i))+1
   784                           	
   785  07AF                     l30000365:	
   786                           	line	17
   787                           ;marathon.c: 16: {
   788                           ;marathon.c: 17: PORTB = value<<i;
   789  07AF  0820               	movf	(marathon@value),w
   790  07B0  00F6               	movwf	(??_marathon+0+0)
   791  07B1  0A22               	incf	(marathon@i),w
   792  07B2  2FB5               	goto	u74
   793  07B3                     u75:
   794  07B3  1003               	clrc
   795  07B4  0DF6               	rlf	(??_marathon+0+0),f
   796  07B5                     u74:
   797  07B5  3EFF               	addlw	-1
   798  07B6  1D03               	skipz
   799  07B7  2FB3               	goto	u75
   800  07B8  0876               	movf	0+(??_marathon+0+0),w
   801  07B9  0086               	movwf	(6)	;volatile
   802                           	
   803  07BA                     l30000366:	
   804                           	line	18
   805                           ;marathon.c: 18: delay(50);
   806  07BA  3032               	movlw	low(032h)
   807  07BB  00F4               	movwf	(?_delay)
   808  07BC  3000               	movlw	high(032h)
   809  07BD  00F5               	movwf	((?_delay))+1
   810  07BE  120A  118A  2775   	fcall	_delay
              120A  118A         
   811                           	
   812  07C3                     l30000367:	
   813                           	line	15
   814  07C3  3001               	movlw	low(01h)
   815  07C4  1283               	bcf	status, 5	;RP0=0, select bank0
   816  07C5  1303               	bcf	status, 6	;RP1=0, select bank0
   817  07C6  07A2               	addwf	(marathon@i),f
   818  07C7  1803               	skipnc
   819  07C8  0AA3               	incf	(marathon@i+1),f
   820  07C9  3000               	movlw	high(01h)
   821  07CA  07A3               	addwf	(marathon@i+1),f
   822                           	
   823  07CB                     l30000368:	
   824  07CB  3000               	movlw	high(08h)
   825  07CC  0223               	subwf	(marathon@i+1),w
   826  07CD  3008               	movlw	low(08h)
   827  07CE  1903               	skipnz
   828  07CF  0222               	subwf	(marathon@i),w
   829  07D0  1C03               	skipc
   830  07D1  2FD3               	goto	u81
   831  07D2  2FD4               	goto	u80
   832  07D3                     u81:
   833  07D3  2FAF               	goto	l30000365
   834  07D4                     u80:
   835                           	
   836  07D4                     l30000369:	
   837                           	line	20
   838                           ;marathon.c: 19: }
   839                           ;marathon.c: 20: for(i=0;i<6;i++)
   840  07D4  3000               	movlw	low(0)
   841  07D5  00A2               	movwf	(marathon@i)
   842  07D6  3000               	movlw	high(0)
   843  07D7  00A3               	movwf	((marathon@i))+1
   844                           	
   845  07D8                     l30000371:	
   846                           	
   847  07D8                     l30000372:	
   848                           	line	23
   849                           ;marathon.c: 23: PORTB = value>>i;
   850  07D8  3040               	movlw	040h
   851  07D9  00F6               	movwf	(??_marathon+0+0)
   852  07DA  01F7               	clrf	(??_marathon+0+0+1)
   853  07DB  0A22               	incf	(marathon@i),w
   854  07DC  2FE0               	goto	u94
   855  07DD                     u95:
   856  07DD  1003               	clrc
   857  07DE  0CF7               	rrf	(??_marathon+0+1),f
   858  07DF  0CF6               	rrf	(??_marathon+0+0),f
   859  07E0                     u94:
   860  07E0  00F8               	movwf	(??_marathon+2+0)
   861  07E1  0B78               	decfsz	(??_marathon+2+0),w
   862  07E2  2FDD               	goto	u95
   863  07E3  0876               	movf	0+(??_marathon+0+0),w
   864  07E4  0086               	movwf	(6)	;volatile
   865                           	
   866  07E5                     l30000373:	
   867                           	line	24
   868                           ;marathon.c: 24: delay(50);
   869  07E5  3032               	movlw	low(032h)
   870  07E6  00F4               	movwf	(?_delay)
   871  07E7  3000               	movlw	high(032h)
   872  07E8  00F5               	movwf	((?_delay))+1
   873  07E9  120A  118A  2775   	fcall	_delay
              120A  118A         
   874                           	
   875  07EE                     l30000374:	
   876                           	line	20
   877  07EE  3001               	movlw	low(01h)
   878  07EF  1283               	bcf	status, 5	;RP0=0, select bank0
   879  07F0  1303               	bcf	status, 6	;RP1=0, select bank0
   880  07F1  07A2               	addwf	(marathon@i),f
   881  07F2  1803               	skipnc
   882  07F3  0AA3               	incf	(marathon@i+1),f
   883  07F4  3000               	movlw	high(01h)
   884  07F5  07A3               	addwf	(marathon@i+1),f
   885                           	
   886  07F6                     l30000375:	
   887  07F6  3000               	movlw	high(06h)
   888  07F7  0223               	subwf	(marathon@i+1),w
   889  07F8  3006               	movlw	low(06h)
   890  07F9  1903               	skipnz
   891  07FA  0222               	subwf	(marathon@i),w
   892  07FB  1C03               	skipc
   893  07FC  2FFE               	goto	u101
   894  07FD  2FFF               	goto	u100
   895  07FE                     u101:
   896  07FE  2FD8               	goto	l30000371
   897  07FF                     u100:
   898                           	
   899  07FF                     l5:	
   900  07FF  0008               	return
   901                           	opt stack 0
   902                           GLOBAL	__end_of_marathon
   903  0800                     	__end_of_marathon:
   904                           ; =============== function _marathon ends ============
   905                           
   906                           psect	text26,local,class=CODE,delta=2
   907                           global __ptext26
   908  0775                     __ptext26:
   909                           	line	26
   910                           	signat	_marathon,88
   911                           	global	_delay
   912                           
   913                           ; *************** function _delay *****************
   914                           ; Defined at:
   915                           ;		line 30 in file "C:\Users\Prolific\Desktop\Manthan Ladva\Pic16-Projects\led\marathon\
                                 marathon.c"
   916                           ; Parameters:    Size  Location     Type
   917                           ;  time            2    4[COMMON] unsigned int 
   918                           ; Auto vars:     Size  Location     Type
   919                           ;  j               2    2[COMMON] unsigned int 
   920                           ;  i               2    0[COMMON] unsigned int 
   921                           ; Return value:  Size  Location     Type
   922                           ;		None               void
   923                           ; Registers used:
   924                           ;		wreg
   925                           ; Tracked objects:
   926                           ;		On entry : 0/0
   927                           ;		On exit  : 0/0
   928                           ;		Unchanged: 0/0
   929                           ; Data sizes:     COMMON   BANK0   BANK1   BANK3   BANK2
   930                           ;      Locals:         6       0       0       0       0
   931                           ;      Temp:     0
   932                           ;      Total:    6
   933                           ; This function calls:
   934                           ;		Nothing
   935                           ; This function is called by:
   936                           ;		_marathon
   937                           ; This function uses a non-reentrant model
   938                           ; 
   939                           psect	text26
   940                           	file	"C:\Users\Prolific\Desktop\Manthan Ladva\Pic16-Projects\led\marathon\marathon.c"
   941                           	line	30
   942                           	global	__size_of_delay
   943  0029                     	__size_of_delay	equ	__end_of_delay-_delay
   944                           ;marathon.c: 30: void delay(unsigned int time){
   945                           	
   946  0775                     _delay:	
   947                           	opt stack 6
   948                           ; Regs used in _delay: [wreg]
   949                           	line	32
   950                           	
   951  0775                     l30000377:	
   952                           ;marathon.c: 31: unsigned int i,j;
   953                           ;marathon.c: 32: for(i=0;i<time;i++) for(j=0;j<40;j++);
   954  0775  3000               	movlw	low(0)
   955  0776  00F0               	movwf	(delay@i)
   956  0777  3000               	movlw	high(0)
   957  0778  00F1               	movwf	((delay@i))+1
   958  0779  2F93               	goto	l16
   959                           	
   960  077A                     l30000378:	
   961  077A  3000               	movlw	low(0)
   962  077B  00F2               	movwf	(delay@j)
   963  077C  3000               	movlw	high(0)
   964  077D  00F3               	movwf	((delay@j))+1
   965                           	
   966  077E                     l30000380:	
   967  077E  3001               	movlw	low(01h)
   968  077F  07F2               	addwf	(delay@j),f
   969  0780  1803               	skipnc
   970  0781  0AF3               	incf	(delay@j+1),f
   971  0782  3000               	movlw	high(01h)
   972  0783  07F3               	addwf	(delay@j+1),f
   973  0784  3000               	movlw	high(028h)
   974  0785  0273               	subwf	(delay@j+1),w
   975  0786  3028               	movlw	low(028h)
   976  0787  1903               	skipnz
   977  0788  0272               	subwf	(delay@j),w
   978  0789  1C03               	skipc
   979  078A  2F8C               	goto	u111
   980  078B  2F8D               	goto	u110
   981  078C                     u111:
   982  078C  2F7E               	goto	l30000380
   983  078D                     u110:
   984                           	
   985  078D                     l30000381:	
   986  078D  3001               	movlw	low(01h)
   987  078E  07F0               	addwf	(delay@i),f
   988  078F  1803               	skipnc
   989  0790  0AF1               	incf	(delay@i+1),f
   990  0791  3000               	movlw	high(01h)
   991  0792  07F1               	addwf	(delay@i+1),f
   992                           	
   993  0793                     l16:	
   994  0793  0875               	movf	(delay@time+1),w
   995  0794  0271               	subwf	(delay@i+1),w
   996  0795  1D03               	skipz
   997  0796  2F99               	goto	u125
   998  0797  0874               	movf	(delay@time),w
   999  0798  0270               	subwf	(delay@i),w
  1000  0799                     u125:
  1001  0799  1C03               	skipc
  1002  079A  2F9C               	goto	u121
  1003  079B  2F9D               	goto	u120
  1004  079C                     u121:
  1005  079C  2F7A               	goto	l30000378
  1006  079D                     u120:
  1007                           	
  1008  079D                     l12:	
  1009  079D  0008               	return
  1010                           	opt stack 0
  1011                           GLOBAL	__end_of_delay
  1012  079E                     	__end_of_delay:
  1013                           ; =============== function _delay ends ============
  1014                           
  1015                           psect	text27,local,class=CODE,delta=2
  1016                           global __ptext27
  1017  0003                     __ptext27:


HI-TECH Software PICC Macro Assembler V9.70 build 5239 
Symbol Table                                                                                   Wed Aug 11 08:55:34 2010

                   l3 076C                     l5 07FF        __size_of_delay 0029                    l12 079D  
                  _DA 04A5                    _BF 04A0                    _DC 0019                    l16 0793  
                  _PD 001B                    _RD 0C60                    _UA 04A1                    _TO 001C  
                  u80 07D4                    u81 07D3                    u74 07B5                    u75 07B3  
                  _RW 04A2                    u94 07E0                    u95 07DD                    _WR 0C61  
                 _CM0 04E0                   _CM1 04E1                   _CM2 04E2                   _CKE 04A6  
                 _CIS 04E3                   _CKP 00A4                   _GIE 005F                   _BOR 0470  
                 _RA0 0028                   _RA1 0029                   _RB0 0030                   _RA2 002A  
                 _RB1 0031                   _RA3 002B                   _RC0 0038                   _RB2 0032  
                 _RA4 002C                   _RC1 0039                   _RB3 0033                   _RA5 002D  
                 _RC2 003A                   _RB4 0034                   _RC3 003B                   _RB5 0035  
                 _RC4 003C                   _RB6 0036                   _RC5 003D                   _RB7 0037  
                 u100 07FF                   _RC6 003E                   u101 07FE                   _RC7 003F  
                 u110 078D                   u111 078C                   u120 079D                   u121 079C  
                 u125 0799                   _FSR 0004                   _PCL 0002                   _PS0 0408  
                 _PR2 0092                   _PS1 0409                   _PS2 040A                   _PEN 048A  
                 _RP0 001D                   _IRP 001F                   _RP1 001E                   _SEN 0488  
                 _PSA 040B                   _POR 0471                   _RX9 00C6                   _SMP 04A7  
                 _TX9 04C6               ??_delay 0070                  _ADIE 0466                  _ADIF 0066  
                _ADFM 04FF                  _ADGO 00FA                  _ADON 00F8              __ptext24 0003  
            __ptext25 079E              __ptext26 0775              __ptext27 0003                  _CHS0 00FB  
                _CHS1 00FC                  _CHS2 00FD                  _EEIE 046C                  _EEIF 006C  
                _GCEN 048F                  _CMIE 046E                  _CMIF 006E                  _BRGH 04C2  
                _T0IE 005D                  _T0IF 005A                  _CREN 00C4                  _T0CS 040D  
                _FERR 00C2                  _CVR0 04E8                  _CVR1 04E9                  _CVR2 04EA  
                _CVR3 04EB                  _T0SE 040C                  _CSRC 04C7                  _INDF 0000  
                _PIE1 008C                  _PIE2 008D                  _CVRR 04ED                  _PEIE 005E  
                _INTE 005C                  _INTF 0059                  _RBIE 005B                  _RBIF 0058  
                _RCIE 0465                  _RCEN 048B                  _RCIF 0065                  _PCON 008E  
                _PIR1 000C                  _PIR2 000D                  _OERR 00C1                  _RBPU 040F  
                _RX9D 00C0                  _TMR0 0001                  _TMR2 0011                  _WCOL 00A7  
                _SPEN 00C7                  _RSEN 0489                  _TX9D 04C0                  _SREN 00C5  
                _TRMT 04C1                  _STOP 04A4                  _TXIE 0464                  _ZERO 001A  
                _WREN 0C62                  _TXEN 04C5                  _TXIF 0064                  _SYNC 04C4  
                _main 076C              _marathon 079E                  start 0000             ?_marathon 0079  
 start_initialization 0768            ??_marathon 0076               _CCP1CON 0017               _CCP2CON 001D  
             _ACKSTAT 048E                 _C1INV 04E4                 _C2INV 04E5                 _C1OUT 04E6  
               _C2OUT 04E7                 _ADCS0 00FE                 _ADCS1 00FF                 _ADCS2 04FE  
               _ADDEN 00C3                 ?_main 0079                 _ACKEN 048C                 _ACKDT 048D  
               _BCLIE 046B                 _BCLIF 006B                 _CCP1X 00BD                 _CCP1Y 00BC  
               _CCP2X 00ED                 _CCP2Y 00EC                 _EEADR 010D         __end_of_delay 079E  
               _CARRY 0018                 _EEPGD 0C67                 _CMCON 009C                 _T1CON 0010  
               _T2CON 0012               _T1CKPS0 0084               _T1CKPS1 0085                 _PCFG0 04F8  
               _PCFG1 04F9                 _PCFG2 04FA                 _PCFG3 04FB               _T2CKPS0 0090  
             _T2CKPS1 0091                 _CVREN 04EF                 _CVROE 04EE                 _RCREG 001A  
               _RCSTA 0018                 _TMR1H 000F                 _TMR1L 000E                 _SPBRG 0099  
               _PORTA 0005                 _PORTB 0006               _T1OSCEN 0083                 _PORTC 0007  
               _START 04A3                 _SSPM0 00A0                 _SSPM1 00A1                 _SSPM2 00A2  
               _SSPM3 00A3                 _TRISA 0085                 _TRISB 0086                 _TRISC 0087  
               _SSPIE 0463                 _SSPIF 0063                 _SSPEN 00A5                 _SSPOV 00A6  
               _WRERR 0C63                 _TXREG 0019                 _TXSTA 0098     __size_of_marathon 0062  
      __pcstackCOMMON 0070                 _delay 0775               _SSPCON2 0091               _SSPSTAT 0094  
             _TOUTPS0 0093               _TOUTPS1 0094               _TOUTPS2 0095               _TOUTPS3 0096  
               status 0003             delay@time 0074         marathon@value 0020         __size_of_main 0009  
            l30000360 079E              l30000361 07A5              l30000362 07AB              l30000371 07D8  
            l30000380 077E              l30000372 07D8              l30000381 078D              l30000373 07E5  
            l30000365 07AF              l30000374 07EE              l30000366 07BA              l30000375 07F6  
            l30000367 07C3              l30000368 07CB              l30000376 076C              l30000377 0775  
            l30000369 07D4              l30000378 077A                ??_main 0073            __pmaintext 076C  
              ?_delay 0074                _ADCON0 001F                _ADCON1 009F                _CCP1M0 00B8  
              _CCP1M1 00B9                _CCP1M2 00BA                _CCP1M3 00BB                _CCP2M0 00E8  
              _CCP2M1 00E9                _CCP2M2 00EA                _CCP2M3 00EB                _CCP1IE 0462  
              _CCP1IF 0062                _CCP2IE 0468                _CCP2IF 0068                _ADRESH 001E  
              _EEADRH 010F                _ADRESL 009E                _EEADRL 010D                _EEDATA 010C  
              _CCPR1H 0016                _EEDATH 010E                _CCPR2H 001C                _CCPR1L 0015  
              _CCPR2L 001B                _EECON1 018C                _EECON2 018D          __end_of_main 0775  
              _GODONE 00FA  end_of_initialization 0768                _CVRCON 009D                _T1SYNC 0082  
              _INTEDG 040E                _PCLATH 000A                _INTCON 000B         __pcstackBANK0 0020  
              _TMR0IE 005D                _TMR0IF 005A                _TMR1IE 0460                _TMR1IF 0060  
              _TMR1CS 0081                _TMR2IE 0461                _TMR2IF 0061                _OPTION 0081  
              _TMR1ON 0080                _TMR2ON 0092                _SSPADD 0093                _TRISA0 0428  
              _TRISA1 0429                _TRISB0 0430                _TRISA2 042A                _TRISB1 0431  
              _TRISA3 042B                _TRISC0 0438                _TRISB2 0432                _TRISA4 042C  
              _TRISC1 0439                _TRISB3 0433                _TRISA5 042D                _TRISC2 043A  
              _TRISB4 0434                _TRISC3 043B                _TRISB5 0435                _TRISC4 043C  
              _TRISB6 0436                _TRISC5 043D                _TRISB7 0437                _TRISC6 043E  
              _TRISC7 043F                _STATUS 0003                _SSPCON 0014                _SSPBUF 0013  
    __end_of_marathon 0800             marathon@i 0022                delay@i 0070                delay@j 0072  
