

HI-TECH Software PIC LITE Macro Assembler V9.70 build 5239 
                                                                                               Wed Aug 11 08:27:38 2010

HI-TECH Software Omniscient Code Generator (Lite mode) build 5239
     1  0000                     opt subtitle "HI-TECH Software Omniscient Code Generator (Lite mode) build 5239"
     2                           
     3                           opt pagewidth 120
     4                           
     5                           	opt lm
     6                           
     7                           	processor	16F876A
     8                           clrc	macro
     9                           	bcf	3,0
    10  0000                     	endm
    11                           clrz	macro
    12                           	bcf	3,2
    13  0000                     	endm
    14                           setc	macro
    15                           	bsf	3,0
    16  0000                     	endm
    17                           setz	macro
    18                           	bsf	3,2
    19  0000                     	endm
    20                           skipc	macro
    21                           	btfss	3,0
    22  0000                     	endm
    23                           skipz	macro
    24                           	btfss	3,2
    25  0000                     	endm
    26                           skipnc	macro
    27                           	btfsc	3,0
    28  0000                     	endm
    29                           skipnz	macro
    30                           	btfsc	3,2
    31  0000                     	endm
    32  0000                     indf	equ	0
    33  0000                     indf0	equ	0
    34  0002                     pc	equ	2
    35  0002                     pcl	equ	2
    36  0003                     status	equ	3
    37  0004                     fsr	equ	4
    38  0004                     fsr0	equ	4
    39  0001                     c	equ	1
    40  0000                     z	equ	0
    41  000A                     pclath	equ	10
    42                           ;COMMON:	_main->_delay
    43                           	FNCALL	_main,_delay
    44                           	FNROOT	_main
    45                           	global	_ADCON0
    46                           psect	text7,local,class=CODE,delta=2
    47                           global __ptext7
    48  0003                     __ptext7:
    49  001F                     _ADCON0  equ     31
    50                           	global	_ADRESH
    51  001E                     _ADRESH  equ     30
    52                           	global	_CCP1CON
    53  0017                     _CCP1CON  equ     23
    54                           	global	_CCP2CON
    55  001D                     _CCP2CON  equ     29
    56                           	global	_CCPR1H
    57  0016                     _CCPR1H  equ     22
    58                           	global	_CCPR1L
    59  0015                     _CCPR1L  equ     21
    60                           	global	_CCPR2H
    61  001C                     _CCPR2H  equ     28
    62                           	global	_CCPR2L
    63  001B                     _CCPR2L  equ     27
    64                           	global	_FSR
    65  0004                     _FSR  equ     4
    66                           	global	_INDF
    67  0000                     _INDF  equ     0
    68                           	global	_INTCON
    69  000B                     _INTCON  equ     11
    70                           	global	_PCL
    71  0002                     _PCL  equ     2
    72                           	global	_PCLATH
    73  000A                     _PCLATH  equ     10
    74                           	global	_PIR1
    75  000C                     _PIR1  equ     12
    76                           	global	_PIR2
    77  000D                     _PIR2  equ     13
    78                           	global	_PORTA
    79  0005                     _PORTA  equ     5
    80                           	global	_PORTB
    81  0006                     _PORTB  equ     6
    82                           	global	_PORTC
    83  0007                     _PORTC  equ     7
    84                           	global	_RCREG
    85  001A                     _RCREG  equ     26
    86                           	global	_RCSTA
    87  0018                     _RCSTA  equ     24
    88                           	global	_SSPBUF
    89  0013                     _SSPBUF  equ     19
    90                           	global	_SSPCON
    91  0014                     _SSPCON  equ     20
    92                           	global	_STATUS
    93  0003                     _STATUS  equ     3
    94                           	global	_T1CON
    95  0010                     _T1CON  equ     16
    96                           	global	_T2CON
    97  0012                     _T2CON  equ     18
    98                           	global	_TMR0
    99  0001                     _TMR0  equ     1
   100                           	global	_TMR1H
   101  000F                     _TMR1H  equ     15
   102                           	global	_TMR1L
   103  000E                     _TMR1L  equ     14
   104                           	global	_TMR2
   105  0011                     _TMR2  equ     17
   106                           	global	_TXREG
   107  0019                     _TXREG  equ     25
   108                           	global	_ADCS0
   109  00FE                     _ADCS0  equ     254
   110                           	global	_ADCS1
   111  00FF                     _ADCS1  equ     255
   112                           	global	_ADDEN
   113  00C3                     _ADDEN  equ     195
   114                           	global	_ADGO
   115  00FA                     _ADGO  equ     250
   116                           	global	_ADIF
   117  0066                     _ADIF  equ     102
   118                           	global	_ADON
   119  00F8                     _ADON  equ     248
   120                           	global	_BCLIF
   121  006B                     _BCLIF  equ     107
   122                           	global	_CARRY
   123  0018                     _CARRY  equ     24
   124                           	global	_CCP1IF
   125  0062                     _CCP1IF  equ     98
   126                           	global	_CCP1M0
   127  00B8                     _CCP1M0  equ     184
   128                           	global	_CCP1M1
   129  00B9                     _CCP1M1  equ     185
   130                           	global	_CCP1M2
   131  00BA                     _CCP1M2  equ     186
   132                           	global	_CCP1M3
   133  00BB                     _CCP1M3  equ     187
   134                           	global	_CCP1X
   135  00BD                     _CCP1X  equ     189
   136                           	global	_CCP1Y
   137  00BC                     _CCP1Y  equ     188
   138                           	global	_CCP2IF
   139  0068                     _CCP2IF  equ     104
   140                           	global	_CCP2M0
   141  00E8                     _CCP2M0  equ     232
   142                           	global	_CCP2M1
   143  00E9                     _CCP2M1  equ     233
   144                           	global	_CCP2M2
   145  00EA                     _CCP2M2  equ     234
   146                           	global	_CCP2M3
   147  00EB                     _CCP2M3  equ     235
   148                           	global	_CCP2X
   149  00ED                     _CCP2X  equ     237
   150                           	global	_CCP2Y
   151  00EC                     _CCP2Y  equ     236
   152                           	global	_CHS0
   153  00FB                     _CHS0  equ     251
   154                           	global	_CHS1
   155  00FC                     _CHS1  equ     252
   156                           	global	_CHS2
   157  00FD                     _CHS2  equ     253
   158                           	global	_CKP
   159  00A4                     _CKP  equ     164
   160                           	global	_CMIF
   161  006E                     _CMIF  equ     110
   162                           	global	_CREN
   163  00C4                     _CREN  equ     196
   164                           	global	_DC
   165  0019                     _DC  equ     25
   166                           	global	_EEIF
   167  006C                     _EEIF  equ     108
   168                           	global	_FERR
   169  00C2                     _FERR  equ     194
   170                           	global	_GIE
   171  005F                     _GIE  equ     95
   172                           	global	_GODONE
   173  00FA                     _GODONE  equ     250
   174                           	global	_INTE
   175  005C                     _INTE  equ     92
   176                           	global	_INTF
   177  0059                     _INTF  equ     89
   178                           	global	_IRP
   179  001F                     _IRP  equ     31
   180                           	global	_OERR
   181  00C1                     _OERR  equ     193
   182                           	global	_PD
   183  001B                     _PD  equ     27
   184                           	global	_PEIE
   185  005E                     _PEIE  equ     94
   186                           	global	_RA0
   187  0028                     _RA0  equ     40
   188                           	global	_RA1
   189  0029                     _RA1  equ     41
   190                           	global	_RA2
   191  002A                     _RA2  equ     42
   192                           	global	_RA3
   193  002B                     _RA3  equ     43
   194                           	global	_RA4
   195  002C                     _RA4  equ     44
   196                           	global	_RA5
   197  002D                     _RA5  equ     45
   198                           	global	_RB0
   199  0030                     _RB0  equ     48
   200                           	global	_RB1
   201  0031                     _RB1  equ     49
   202                           	global	_RB2
   203  0032                     _RB2  equ     50
   204                           	global	_RB3
   205  0033                     _RB3  equ     51
   206                           	global	_RB4
   207  0034                     _RB4  equ     52
   208                           	global	_RB5
   209  0035                     _RB5  equ     53
   210                           	global	_RB6
   211  0036                     _RB6  equ     54
   212                           	global	_RB7
   213  0037                     _RB7  equ     55
   214                           	global	_RBIE
   215  005B                     _RBIE  equ     91
   216                           	global	_RBIF
   217  0058                     _RBIF  equ     88
   218                           	global	_RC0
   219  0038                     _RC0  equ     56
   220                           	global	_RC1
   221  0039                     _RC1  equ     57
   222                           	global	_RC2
   223  003A                     _RC2  equ     58
   224                           	global	_RC3
   225  003B                     _RC3  equ     59
   226                           	global	_RC4
   227  003C                     _RC4  equ     60
   228                           	global	_RC5
   229  003D                     _RC5  equ     61
   230                           	global	_RC6
   231  003E                     _RC6  equ     62
   232                           	global	_RC7
   233  003F                     _RC7  equ     63
   234                           	global	_RCIF
   235  0065                     _RCIF  equ     101
   236                           	global	_RP0
   237  001D                     _RP0  equ     29
   238                           	global	_RP1
   239  001E                     _RP1  equ     30
   240                           	global	_RX9
   241  00C6                     _RX9  equ     198
   242                           	global	_RX9D
   243  00C0                     _RX9D  equ     192
   244                           	global	_SPEN
   245  00C7                     _SPEN  equ     199
   246                           	global	_SREN
   247  00C5                     _SREN  equ     197
   248                           	global	_SSPEN
   249  00A5                     _SSPEN  equ     165
   250                           	global	_SSPIF
   251  0063                     _SSPIF  equ     99
   252                           	global	_SSPM0
   253  00A0                     _SSPM0  equ     160
   254                           	global	_SSPM1
   255  00A1                     _SSPM1  equ     161
   256                           	global	_SSPM2
   257  00A2                     _SSPM2  equ     162
   258                           	global	_SSPM3
   259  00A3                     _SSPM3  equ     163
   260                           	global	_SSPOV
   261  00A6                     _SSPOV  equ     166
   262                           	global	_T0IE
   263  005D                     _T0IE  equ     93
   264                           	global	_T0IF
   265  005A                     _T0IF  equ     90
   266                           	global	_T1CKPS0
   267  0084                     _T1CKPS0  equ     132
   268                           	global	_T1CKPS1
   269  0085                     _T1CKPS1  equ     133
   270                           	global	_T1OSCEN
   271  0083                     _T1OSCEN  equ     131
   272                           	global	_T1SYNC
   273  0082                     _T1SYNC  equ     130
   274                           	global	_T2CKPS0
   275  0090                     _T2CKPS0  equ     144
   276                           	global	_T2CKPS1
   277  0091                     _T2CKPS1  equ     145
   278                           	global	_TMR0IE
   279  005D                     _TMR0IE  equ     93
   280                           	global	_TMR0IF
   281  005A                     _TMR0IF  equ     90
   282                           	global	_TMR1CS
   283  0081                     _TMR1CS  equ     129
   284                           	global	_TMR1IF
   285  0060                     _TMR1IF  equ     96
   286                           	global	_TMR1ON
   287  0080                     _TMR1ON  equ     128
   288                           	global	_TMR2IF
   289  0061                     _TMR2IF  equ     97
   290                           	global	_TMR2ON
   291  0092                     _TMR2ON  equ     146
   292                           	global	_TO
   293  001C                     _TO  equ     28
   294                           	global	_TOUTPS0
   295  0093                     _TOUTPS0  equ     147
   296                           	global	_TOUTPS1
   297  0094                     _TOUTPS1  equ     148
   298                           	global	_TOUTPS2
   299  0095                     _TOUTPS2  equ     149
   300                           	global	_TOUTPS3
   301  0096                     _TOUTPS3  equ     150
   302                           	global	_TXIF
   303  0064                     _TXIF  equ     100
   304                           	global	_WCOL
   305  00A7                     _WCOL  equ     167
   306                           	global	_ZERO
   307  001A                     _ZERO  equ     26
   308                           	global	_ADCON1
   309  009F                     _ADCON1  equ     159
   310                           	global	_ADRESL
   311  009E                     _ADRESL  equ     158
   312                           	global	_CMCON
   313  009C                     _CMCON  equ     156
   314                           	global	_CVRCON
   315  009D                     _CVRCON  equ     157
   316                           	global	_OPTION
   317  0081                     _OPTION  equ     129
   318                           	global	_PCON
   319  008E                     _PCON  equ     142
   320                           	global	_PIE1
   321  008C                     _PIE1  equ     140
   322                           	global	_PIE2
   323  008D                     _PIE2  equ     141
   324                           	global	_PR2
   325  0092                     _PR2  equ     146
   326                           	global	_SPBRG
   327  0099                     _SPBRG  equ     153
   328                           	global	_SSPADD
   329  0093                     _SSPADD  equ     147
   330                           	global	_SSPCON2
   331  0091                     _SSPCON2  equ     145
   332                           	global	_SSPSTAT
   333  0094                     _SSPSTAT  equ     148
   334                           	global	_TRISA
   335  0085                     _TRISA  equ     133
   336                           	global	_TRISB
   337  0086                     _TRISB  equ     134
   338                           	global	_TRISC
   339  0087                     _TRISC  equ     135
   340                           	global	_TXSTA
   341  0098                     _TXSTA  equ     152
   342                           	global	_ACKDT
   343  048D                     _ACKDT  equ     1165
   344                           	global	_ACKEN
   345  048C                     _ACKEN  equ     1164
   346                           	global	_ACKSTAT
   347  048E                     _ACKSTAT  equ     1166
   348                           	global	_ADCS2
   349  04FE                     _ADCS2  equ     1278
   350                           	global	_ADFM
   351  04FF                     _ADFM  equ     1279
   352                           	global	_ADIE
   353  0466                     _ADIE  equ     1126
   354                           	global	_BCLIE
   355  046B                     _BCLIE  equ     1131
   356                           	global	_BF
   357  04A0                     _BF  equ     1184
   358                           	global	_BOR
   359  0470                     _BOR  equ     1136
   360                           	global	_BRGH
   361  04C2                     _BRGH  equ     1218
   362                           	global	_C1INV
   363  04E4                     _C1INV  equ     1252
   364                           	global	_C1OUT
   365  04E6                     _C1OUT  equ     1254
   366                           	global	_C2INV
   367  04E5                     _C2INV  equ     1253
   368                           	global	_C2OUT
   369  04E7                     _C2OUT  equ     1255
   370                           	global	_CCP1IE
   371  0462                     _CCP1IE  equ     1122
   372                           	global	_CCP2IE
   373  0468                     _CCP2IE  equ     1128
   374                           	global	_CIS
   375  04E3                     _CIS  equ     1251
   376                           	global	_CKE
   377  04A6                     _CKE  equ     1190
   378                           	global	_CM0
   379  04E0                     _CM0  equ     1248
   380                           	global	_CM1
   381  04E1                     _CM1  equ     1249
   382                           	global	_CM2
   383  04E2                     _CM2  equ     1250
   384                           	global	_CMIE
   385  046E                     _CMIE  equ     1134
   386                           	global	_CSRC
   387  04C7                     _CSRC  equ     1223
   388                           	global	_CVR0
   389  04E8                     _CVR0  equ     1256
   390                           	global	_CVR1
   391  04E9                     _CVR1  equ     1257
   392                           	global	_CVR2
   393  04EA                     _CVR2  equ     1258
   394                           	global	_CVR3
   395  04EB                     _CVR3  equ     1259
   396                           	global	_CVREN
   397  04EF                     _CVREN  equ     1263
   398                           	global	_CVROE
   399  04EE                     _CVROE  equ     1262
   400                           	global	_CVRR
   401  04ED                     _CVRR  equ     1261
   402                           	global	_DA
   403  04A5                     _DA  equ     1189
   404                           	global	_EEIE
   405  046C                     _EEIE  equ     1132
   406                           	global	_GCEN
   407  048F                     _GCEN  equ     1167
   408                           	global	_INTEDG
   409  040E                     _INTEDG  equ     1038
   410                           	global	_PCFG0
   411  04F8                     _PCFG0  equ     1272
   412                           	global	_PCFG1
   413  04F9                     _PCFG1  equ     1273
   414                           	global	_PCFG2
   415  04FA                     _PCFG2  equ     1274
   416                           	global	_PCFG3
   417  04FB                     _PCFG3  equ     1275
   418                           	global	_PEN
   419  048A                     _PEN  equ     1162
   420                           	global	_POR
   421  0471                     _POR  equ     1137
   422                           	global	_PS0
   423  0408                     _PS0  equ     1032
   424                           	global	_PS1
   425  0409                     _PS1  equ     1033
   426                           	global	_PS2
   427  040A                     _PS2  equ     1034
   428                           	global	_PSA
   429  040B                     _PSA  equ     1035
   430                           	global	_RBPU
   431  040F                     _RBPU  equ     1039
   432                           	global	_RCEN
   433  048B                     _RCEN  equ     1163
   434                           	global	_RCIE
   435  0465                     _RCIE  equ     1125
   436                           	global	_RSEN
   437  0489                     _RSEN  equ     1161
   438                           	global	_RW
   439  04A2                     _RW  equ     1186
   440                           	global	_SEN
   441  0488                     _SEN  equ     1160
   442                           	global	_SMP
   443  04A7                     _SMP  equ     1191
   444                           	global	_SSPIE
   445  0463                     _SSPIE  equ     1123
   446                           	global	_START
   447  04A3                     _START  equ     1187
   448                           	global	_STOP
   449  04A4                     _STOP  equ     1188
   450                           	global	_SYNC
   451  04C4                     _SYNC  equ     1220
   452                           	global	_T0CS
   453  040D                     _T0CS  equ     1037
   454                           	global	_T0SE
   455  040C                     _T0SE  equ     1036
   456                           	global	_TMR1IE
   457  0460                     _TMR1IE  equ     1120
   458                           	global	_TMR2IE
   459  0461                     _TMR2IE  equ     1121
   460                           	global	_TRISA0
   461  0428                     _TRISA0  equ     1064
   462                           	global	_TRISA1
   463  0429                     _TRISA1  equ     1065
   464                           	global	_TRISA2
   465  042A                     _TRISA2  equ     1066
   466                           	global	_TRISA3
   467  042B                     _TRISA3  equ     1067
   468                           	global	_TRISA4
   469  042C                     _TRISA4  equ     1068
   470                           	global	_TRISA5
   471  042D                     _TRISA5  equ     1069
   472                           	global	_TRISB0
   473  0430                     _TRISB0  equ     1072
   474                           	global	_TRISB1
   475  0431                     _TRISB1  equ     1073
   476                           	global	_TRISB2
   477  0432                     _TRISB2  equ     1074
   478                           	global	_TRISB3
   479  0433                     _TRISB3  equ     1075
   480                           	global	_TRISB4
   481  0434                     _TRISB4  equ     1076
   482                           	global	_TRISB5
   483  0435                     _TRISB5  equ     1077
   484                           	global	_TRISB6
   485  0436                     _TRISB6  equ     1078
   486                           	global	_TRISB7
   487  0437                     _TRISB7  equ     1079
   488                           	global	_TRISC0
   489  0438                     _TRISC0  equ     1080
   490                           	global	_TRISC1
   491  0439                     _TRISC1  equ     1081
   492                           	global	_TRISC2
   493  043A                     _TRISC2  equ     1082
   494                           	global	_TRISC3
   495  043B                     _TRISC3  equ     1083
   496                           	global	_TRISC4
   497  043C                     _TRISC4  equ     1084
   498                           	global	_TRISC5
   499  043D                     _TRISC5  equ     1085
   500                           	global	_TRISC6
   501  043E                     _TRISC6  equ     1086
   502                           	global	_TRISC7
   503  043F                     _TRISC7  equ     1087
   504                           	global	_TRMT
   505  04C1                     _TRMT  equ     1217
   506                           	global	_TX9
   507  04C6                     _TX9  equ     1222
   508                           	global	_TX9D
   509  04C0                     _TX9D  equ     1216
   510                           	global	_TXEN
   511  04C5                     _TXEN  equ     1221
   512                           	global	_TXIE
   513  0464                     _TXIE  equ     1124
   514                           	global	_UA
   515  04A1                     _UA  equ     1185
   516                           	global	_EEADR
   517  010D                     _EEADR  equ     269
   518                           	global	_EEADRH
   519  010F                     _EEADRH  equ     271
   520                           	global	_EEADRL
   521  010D                     _EEADRL  equ     269
   522                           	global	_EEDATA
   523  010C                     _EEDATA  equ     268
   524                           	global	_EEDATH
   525  010E                     _EEDATH  equ     270
   526                           	global	_EECON1
   527  018C                     _EECON1  equ     396
   528                           	global	_EECON2
   529  018D                     _EECON2  equ     397
   530                           	global	_EEPGD
   531  0C67                     _EEPGD  equ     3175
   532                           	global	_RD
   533  0C60                     _RD  equ     3168
   534                           	global	_WR
   535  0C61                     _WR  equ     3169
   536                           	global	_WREN
   537  0C62                     _WREN  equ     3170
   538                           	global	_WRERR
   539  0C63                     _WRERR  equ     3171
   540                           	file	"blink_led.as"
   541                           	line	#
   542                           psect cinit,class=CODE,delta=2
   543                           global start_initialization
   544  07AE                     start_initialization:
   545                           
   546                           psect cinit,class=CODE,delta=2
   547                           global end_of_initialization
   548                           
   549                           ;End of C runtime variable initationation code
   550                           
   551  07AE                     end_of_initialization:
   552  07AE  0183               clrf status
   553  07AF  120A  118A  2FB2   ljmp _main	;jump to C main() function
   554                           psect	cstackCOMMON,class=COMMON,space=1
   555                           global __pcstackCOMMON
   556  0070                     __pcstackCOMMON:
   557                           	global	??_main
   558  0070                     ??_main: ;@ 0x0
   559                           	global	??_delay
   560  0070                     ??_delay: ;@ 0x0
   561                           	global	delay@i
   562  0070                     delay@i:	; 2 bytes @ 0x0
   563  0070                     	ds	2
   564                           	global	delay@j
   565  0072                     delay@j:	; 2 bytes @ 0x2
   566  0072                     	ds	2
   567                           	global	?_delay
   568  0074                     ?_delay: ;@ 0x4
   569                           	global	delay@k
   570  0074                     delay@k:	; 2 bytes @ 0x4
   571  0074                     	ds	2
   572                           	global	?_main
   573  0076                     ?_main: ;@ 0x6
   574                           ;Data sizes: Strings 0, constant 0, data 0, bss 0, persistent 0 stack 0
   575                           ;Auto spaces:   Size  Autos    Used
   576                           ; COMMON          14      6       6
   577                           ; BANK0           80      0       0
   578                           ; BANK1           80      0       0
   579                           ; BANK3           96      0       0
   580                           ; BANK2           96      0       0
   581                           
   582                           
   583                           ;Pointer list with targets:
   584                           
   585                           
   586                           
   587                           ;Main: autosize = 0, tempsize = 0, incstack = 0, save=0
   588                           
   589                           
   590                           ;Call graph:                      Base Space Used Autos Args Refs Density
   591                           ;_main                                                0    0   40   0.00
   592                           ;              _delay
   593                           ;  _delay                                             4    2   40   0.00
   594                           ;                                    0 COMMO    6
   595                           ; Estimated maximum call depth 1
   596                           ; Address spaces:
   597                           
   598                           ;Name               Size   Autos  Total    Cost      Usage
   599                           ;BITCOMMON            E      0       0       0        0.0%
   600                           ;CODE                 0      0       0       0        0.0%
   601                           ;NULL                 0      0       0       0        0.0%
   602                           ;COMMON               E      6       6       1       42.9%
   603                           ;SFR0                 0      0       0       1        0.0%
   604                           ;BITSFR0              0      0       0       1        0.0%
   605                           ;BITSFR1              0      0       0       2        0.0%
   606                           ;SFR1                 0      0       0       2        0.0%
   607                           ;ABS                  0      0       0       2        0.0%
   608                           ;STACK                0      0       0       3        0.0%
   609                           ;BITBANK0            50      0       0       4        0.0%
   610                           ;SFR3                 0      0       0       4        0.0%
   611                           ;BITSFR3              0      0       0       4        0.0%
   612                           ;BANK0               50      0       0       5        0.0%
   613                           ;BITSFR2              0      0       0       5        0.0%
   614                           ;SFR2                 0      0       0       5        0.0%
   615                           ;BITBANK1            50      0       0       6        0.0%
   616                           ;BANK1               50      0       0       7        0.0%
   617                           ;BITBANK3            60      0       0       8        0.0%
   618                           ;BANK3               60      0       0       9        0.0%
   619                           ;BITBANK2            60      0       0      10        0.0%
   620                           ;BANK2               60      0       0      11        0.0%
   621                           ;DATA                 0      0       0      12        0.0%
   622                           ;EEDATA             100      0       0    1000        0.0%
   623                           
   624                           	global	_main
   625                           psect	maintext,local,class=CODE,delta=2
   626                           global __pmaintext
   627  07B2                     __pmaintext:
   628                           
   629                           ; *************** function _main *****************
   630                           ; Defined at:
   631                           ;		line 5 in file "C:\Users\Prolific\Desktop\Manthan Ladva\Pic16-Projects\led\blink_led\
                                 blink_led.c"
   632                           ; Parameters:    Size  Location     Type
   633                           ;		None
   634                           ; Auto vars:     Size  Location     Type
   635                           ;		None
   636                           ; Return value:  Size  Location     Type
   637                           ;		None               void
   638                           ; Registers used:
   639                           ;		wreg, fsr0l, fsr0h, fsr1l, fsr1h, status,2, status,0, btemp+0, btemp+1, btemp+2, btem
                                 p+3, pclath, cstack
   640                           ; Tracked objects:
   641                           ;		On entry : 17F/0
   642                           ;		On exit  : 0/0
   643                           ;		Unchanged: 0/0
   644                           ; Data sizes:     COMMON   BANK0   BANK1   BANK3   BANK2
   645                           ;      Locals:         0       0       0       0       0
   646                           ;      Temp:     0
   647                           ;      Total:    0
   648                           ; This function calls:
   649                           ;		_delay
   650                           ; This function is called by:
   651                           ;		Startup code after reset
   652                           ; This function uses a non-reentrant model
   653                           ; 
   654                           psect	maintext
   655                           	file	"C:\Users\Prolific\Desktop\Manthan Ladva\Pic16-Projects\led\blink_led\blink_led.c"
   656                           	line	5
   657                           	global	__size_of_main
   658  0025                     	__size_of_main	equ	__end_of_main-_main
   659                           ;pic168xa.h: 19: volatile unsigned char INDF @ 0x00;
   660                           ;pic168xa.h: 20: volatile unsigned char TMR0 @ 0x01;
   661                           ;pic168xa.h: 21: volatile unsigned char PCL @ 0x02;
   662                           ;pic168xa.h: 22: volatile unsigned char STATUS @ 0x03;
   663                           ;pic168xa.h: 23: unsigned char FSR @ 0x04;
   664                           ;pic168xa.h: 24: volatile unsigned char PORTA @ 0x05;
   665                           ;pic168xa.h: 25: volatile unsigned char PORTB @ 0x06;
   666                           ;pic168xa.h: 26: volatile unsigned char PORTC @ 0x07;
   667                           ;pic168xa.h: 31: unsigned char PCLATH @ 0x0A;
   668                           ;pic168xa.h: 32: volatile unsigned char INTCON @ 0x0B;
   669                           	
   670  07B2                     _main:	
   671                           	opt stack 8
   672                           ; Regs used in _main: [allreg]
   673                           	line	6
   674                           	
   675  07B2                     l30000336:	
   676                           ;blink_led.c: 6: TRISB = 0;
   677  07B2  1003               	clrc
   678  07B3  3000               	movlw	0
   679  07B4  1803               	btfsc	status,0
   680  07B5  3001               	movlw	1
   681  07B6  1683               	bsf	status, 5	;RP0=1, select bank1
   682  07B7  1303               	bcf	status, 6	;RP1=0, select bank1
   683  07B8  0086               	movwf	(134)^080h	;volatile
   684                           	
   685  07B9                     l30000337:	
   686                           	line	9
   687                           ;blink_led.c: 9: PORTB=0x11;
   688  07B9  3011               	movlw	(011h)
   689  07BA  1283               	bcf	status, 5	;RP0=0, select bank0
   690  07BB  1303               	bcf	status, 6	;RP1=0, select bank0
   691  07BC  0086               	movwf	(6)	;volatile
   692                           	
   693  07BD                     l30000338:	
   694                           	line	10
   695                           ;blink_led.c: 10: delay(1000);
   696  07BD  30E8               	movlw	low(03E8h)
   697  07BE  00F4               	movwf	(?_delay)
   698  07BF  3003               	movlw	high(03E8h)
   699  07C0  00F5               	movwf	((?_delay))+1
   700  07C1  120A  118A  27D7   	fcall	_delay
              120A  118A         
   701                           	
   702  07C6                     l30000339:	
   703                           	line	12
   704                           ;blink_led.c: 12: PORTB=0x33;
   705  07C6  3033               	movlw	(033h)
   706  07C7  1283               	bcf	status, 5	;RP0=0, select bank0
   707  07C8  1303               	bcf	status, 6	;RP1=0, select bank0
   708  07C9  0086               	movwf	(6)	;volatile
   709                           	
   710  07CA                     l30000340:	
   711                           	line	13
   712                           ;blink_led.c: 13: delay(1000);
   713  07CA  30E8               	movlw	low(03E8h)
   714  07CB  00F4               	movwf	(?_delay)
   715  07CC  3003               	movlw	high(03E8h)
   716  07CD  00F5               	movwf	((?_delay))+1
   717  07CE  120A  118A  27D7   	fcall	_delay
              120A  118A         
   718  07D3  2FB9               	goto	l30000337
   719                           	global	start
   720  07D4  120A  118A  2800   	ljmp	start
   721                           	opt stack 0
   722                           GLOBAL	__end_of_main
   723  07D7                     	__end_of_main:
   724                           ; =============== function _main ends ============
   725                           
   726                           psect	maintext
   727                           	line	15
   728                           	signat	_main,88
   729                           	global	_delay
   730                           psect	text8,local,class=CODE,delta=2
   731                           global __ptext8
   732  07D7                     __ptext8:
   733                           
   734                           ; *************** function _delay *****************
   735                           ; Defined at:
   736                           ;		line 18 in file "C:\Users\Prolific\Desktop\Manthan Ladva\Pic16-Projects\led\blink_led
                                 \blink_led.c"
   737                           ; Parameters:    Size  Location     Type
   738                           ;  k               2    4[COMMON] unsigned int 
   739                           ; Auto vars:     Size  Location     Type
   740                           ;  j               2    2[COMMON] unsigned int 
   741                           ;  i               2    0[COMMON] unsigned int 
   742                           ; Return value:  Size  Location     Type
   743                           ;		None               void
   744                           ; Registers used:
   745                           ;		wreg
   746                           ; Tracked objects:
   747                           ;		On entry : 0/0
   748                           ;		On exit  : 0/0
   749                           ;		Unchanged: 0/0
   750                           ; Data sizes:     COMMON   BANK0   BANK1   BANK3   BANK2
   751                           ;      Locals:         6       0       0       0       0
   752                           ;      Temp:     0
   753                           ;      Total:    6
   754                           ; This function calls:
   755                           ;		Nothing
   756                           ; This function is called by:
   757                           ;		_main
   758                           ; This function uses a non-reentrant model
   759                           ; 
   760                           psect	text8
   761                           	file	"C:\Users\Prolific\Desktop\Manthan Ladva\Pic16-Projects\led\blink_led\blink_led.c"
   762                           	line	18
   763                           	global	__size_of_delay
   764  0029                     	__size_of_delay	equ	__end_of_delay-_delay
   765                           ;blink_led.c: 18: void delay(unsigned int k){
   766                           	
   767  07D7                     _delay:	
   768                           	opt stack 7
   769                           ; Regs used in _delay: [wreg]
   770                           	line	20
   771                           	
   772  07D7                     l30000341:	
   773                           ;blink_led.c: 19: unsigned int i,j;
   774                           ;blink_led.c: 20: for(i=0;i<k;i++) for(j=0;j<40;j++);
   775  07D7  3000               	movlw	low(0)
   776  07D8  00F0               	movwf	(delay@i)
   777  07D9  3000               	movlw	high(0)
   778  07DA  00F1               	movwf	((delay@i))+1
   779  07DB  2FF5               	goto	l9
   780                           	
   781  07DC                     l30000342:	
   782  07DC  3000               	movlw	low(0)
   783  07DD  00F2               	movwf	(delay@j)
   784  07DE  3000               	movlw	high(0)
   785  07DF  00F3               	movwf	((delay@j))+1
   786                           	
   787  07E0                     l30000344:	
   788  07E0  3001               	movlw	low(01h)
   789  07E1  07F2               	addwf	(delay@j),f
   790  07E2  1803               	skipnc
   791  07E3  0AF3               	incf	(delay@j+1),f
   792  07E4  3000               	movlw	high(01h)
   793  07E5  07F3               	addwf	(delay@j+1),f
   794  07E6  3000               	movlw	high(028h)
   795  07E7  0273               	subwf	(delay@j+1),w
   796  07E8  3028               	movlw	low(028h)
   797  07E9  1903               	skipnz
   798  07EA  0272               	subwf	(delay@j),w
   799  07EB  1C03               	skipc
   800  07EC  2FEE               	goto	u11
   801  07ED  2FEF               	goto	u10
   802  07EE                     u11:
   803  07EE  2FE0               	goto	l30000344
   804  07EF                     u10:
   805                           	
   806  07EF                     l30000345:	
   807  07EF  3001               	movlw	low(01h)
   808  07F0  07F0               	addwf	(delay@i),f
   809  07F1  1803               	skipnc
   810  07F2  0AF1               	incf	(delay@i+1),f
   811  07F3  3000               	movlw	high(01h)
   812  07F4  07F1               	addwf	(delay@i+1),f
   813                           	
   814  07F5                     l9:	
   815  07F5  0875               	movf	(delay@k+1),w
   816  07F6  0271               	subwf	(delay@i+1),w
   817  07F7  1D03               	skipz
   818  07F8  2FFB               	goto	u25
   819  07F9  0874               	movf	(delay@k),w
   820  07FA  0270               	subwf	(delay@i),w
   821  07FB                     u25:
   822  07FB  1C03               	skipc
   823  07FC  2FFE               	goto	u21
   824  07FD  2FFF               	goto	u20
   825  07FE                     u21:
   826  07FE  2FDC               	goto	l30000342
   827  07FF                     u20:
   828                           	
   829  07FF                     l5:	
   830  07FF  0008               	return
   831                           	opt stack 0
   832                           GLOBAL	__end_of_delay
   833  0800                     	__end_of_delay:
   834                           ; =============== function _delay ends ============
   835                           
   836                           psect	text9,local,class=CODE,delta=2
   837                           global __ptext9
   838  0003                     __ptext9:


HI-TECH Software PICC Macro Assembler V9.70 build 5239 
Symbol Table                                                                                   Wed Aug 11 08:27:38 2010

                   l5 07FF                     l9 07F5        __size_of_delay 0029                    _DA 04A5  
                  _BF 04A0                    _DC 0019                    _PD 001B                    _RD 0C60  
                  u10 07EF                    u11 07EE                    _UA 04A1                    u20 07FF  
                  u21 07FE                    u25 07FB                    _TO 001C                    _RW 04A2  
                  _WR 0C61                   _CM0 04E0                   _CM1 04E1                   _CM2 04E2  
                 _CKE 04A6                   _CIS 04E3                   _CKP 00A4                   _GIE 005F  
                 _BOR 0470                   _RA0 0028                   _RA1 0029                   _RB0 0030  
                 _RA2 002A                   _RB1 0031                   _RA3 002B                   _RC0 0038  
                 _RB2 0032                   _RA4 002C                   _RC1 0039                   _RB3 0033  
                 _RA5 002D                   _RC2 003A                   _RB4 0034                   _RC3 003B  
                 _RB5 0035                   _RC4 003C                   _RB6 0036                   _RC5 003D  
                 _RB7 0037                   _RC6 003E                   _RC7 003F                   _FSR 0004  
                 _PCL 0002                   _PS0 0408                   _PR2 0092                   _PS1 0409  
                 _PS2 040A                   _PEN 048A                   _RP0 001D                   _IRP 001F  
                 _RP1 001E                   _SEN 0488                   _PSA 040B                   _POR 0471  
                 _RX9 00C6                   _SMP 04A7                   _TX9 04C6               ??_delay 0070  
                _ADIE 0466                  _ADIF 0066                  _ADFM 04FF                  _ADGO 00FA  
                _ADON 00F8                  _CHS0 00FB                  _CHS1 00FC                  _CHS2 00FD  
                _EEIE 046C                  _EEIF 006C                  _GCEN 048F                  _CMIE 046E  
                _CMIF 006E                  _BRGH 04C2                  _T0IE 005D                  _T0IF 005A  
                _CREN 00C4                  _T0CS 040D                  _FERR 00C2                  _CVR0 04E8  
                _CVR1 04E9                  _CVR2 04EA                  _CVR3 04EB                  _T0SE 040C  
                _CSRC 04C7                  _INDF 0000                  _PIE1 008C                  _PIE2 008D  
                _CVRR 04ED                  _PEIE 005E                  _INTE 005C                  _INTF 0059  
                _RBIE 005B                  _RBIF 0058                  _RCIE 0465                  _RCEN 048B  
                _RCIF 0065                  _PCON 008E                  _PIR1 000C                  _PIR2 000D  
                _OERR 00C1                  _RBPU 040F                  _RX9D 00C0                  _TMR0 0001  
                _TMR2 0011                  _WCOL 00A7                  _SPEN 00C7                  _RSEN 0489  
                _TX9D 04C0                  _SREN 00C5                  _TRMT 04C1                  _STOP 04A4  
                _TXIE 0464                  _ZERO 001A                  _WREN 0C62                  _TXEN 04C5  
                _TXIF 0064                  _SYNC 04C4                  _main 07B2                  start 0000  
 start_initialization 07AE               _CCP1CON 0017               _CCP2CON 001D               _ACKSTAT 048E  
               _C1INV 04E4                 _C2INV 04E5                 _C1OUT 04E6                 _C2OUT 04E7  
               _ADCS0 00FE                 _ADCS1 00FF                 _ADCS2 04FE                 _ADDEN 00C3  
               ?_main 0076                 _ACKEN 048C                 _ACKDT 048D                 _BCLIE 046B  
               _BCLIF 006B                 _CCP1X 00BD                 _CCP1Y 00BC                 _CCP2X 00ED  
               _CCP2Y 00EC                 _EEADR 010D         __end_of_delay 0800                 _CARRY 0018  
               _EEPGD 0C67                 _CMCON 009C                 _T1CON 0010                 _T2CON 0012  
             _T1CKPS0 0084               _T1CKPS1 0085                 _PCFG0 04F8                 _PCFG1 04F9  
               _PCFG2 04FA                 _PCFG3 04FB               _T2CKPS0 0090               _T2CKPS1 0091  
               _CVREN 04EF                 _CVROE 04EE                 _RCREG 001A                 _RCSTA 0018  
               _TMR1H 000F                 _TMR1L 000E                 _SPBRG 0099                 _PORTA 0005  
               _PORTB 0006               _T1OSCEN 0083                 _PORTC 0007                 _START 04A3  
               _SSPM0 00A0                 _SSPM1 00A1                 _SSPM2 00A2                 _SSPM3 00A3  
               _TRISA 0085                 _TRISB 0086                 _TRISC 0087                 _SSPIE 0463  
               _SSPIF 0063                 _SSPEN 00A5                 _SSPOV 00A6                 _WRERR 0C63  
               _TXREG 0019                 _TXSTA 0098        __pcstackCOMMON 0070                 _delay 07D7  
             _SSPCON2 0091               _SSPSTAT 0094               _TOUTPS0 0093               _TOUTPS1 0094  
             _TOUTPS2 0095               _TOUTPS3 0096                 status 0003         __size_of_main 0025  
            l30000340 07CA              l30000341 07D7              l30000342 07DC              l30000344 07E0  
            l30000336 07B2              l30000345 07EF              l30000337 07B9              l30000338 07BD  
            l30000339 07C6                ??_main 0070               __ptext7 0003               __ptext8 07D7  
             __ptext9 0003            __pmaintext 07B2                ?_delay 0074                _ADCON0 001F  
              _ADCON1 009F                _CCP1M0 00B8                _CCP1M1 00B9                _CCP1M2 00BA  
              _CCP1M3 00BB                _CCP2M0 00E8                _CCP2M1 00E9                _CCP2M2 00EA  
              _CCP2M3 00EB                _CCP1IE 0462                _CCP1IF 0062                _CCP2IE 0468  
              _CCP2IF 0068                _ADRESH 001E                _EEADRH 010F                _ADRESL 009E  
              _EEADRL 010D                _EEDATA 010C                _CCPR1H 0016                _EEDATH 010E  
              _CCPR2H 001C                _CCPR1L 0015                _CCPR2L 001B                _EECON1 018C  
              _EECON2 018D          __end_of_main 07D7                _GODONE 00FA  end_of_initialization 07AE  
              _CVRCON 009D                _T1SYNC 0082                _INTEDG 040E                _PCLATH 000A  
              _INTCON 000B                _TMR0IE 005D                _TMR0IF 005A                _TMR1IE 0460  
              _TMR1IF 0060                _TMR1CS 0081                _TMR2IE 0461                _TMR2IF 0061  
              _OPTION 0081                _TMR1ON 0080                _TMR2ON 0092                _SSPADD 0093  
              _TRISA0 0428                _TRISA1 0429                _TRISB0 0430                _TRISA2 042A  
              _TRISB1 0431                _TRISA3 042B                _TRISC0 0438                _TRISB2 0432  
              _TRISA4 042C                _TRISC1 0439                _TRISB3 0433                _TRISA5 042D  
              _TRISC2 043A                _TRISB4 0434                _TRISC3 043B                _TRISB5 0435  
              _TRISC4 043C                _TRISB6 0436                _TRISC5 043D                _TRISB7 0437  
              _TRISC6 043E                _TRISC7 043F                _STATUS 0003                _SSPCON 0014  
              _SSPBUF 0013                delay@i 0070                delay@j 0072                delay@k 0074  
