C51 COMPILER V9.00   DCMOTOR                                                               08/11/2010 08:23:31 PAGE 1   


C51 COMPILER V9.00, COMPILATION OF MODULE DCMOTOR
OBJECT MODULE PLACED IN dcmotor.obj
COMPILER INVOKED BY: C:\Keil\C51\BIN\C51.EXE headers\dcmotor.c BROWSE DEBUG OBJECTEXTEND PRINT(.\dcmotor.lst) OBJECT(dcm
                    -otor.obj)

line level    source

   1          #include "delay.h"
   2          #include "dcmotor.h"
   3          
   4          
   5          void forward(void){
   6   1              inp1 = 1;        //forward
   7   1              inp2 = 0;
   8   1              inp3 = 1;
   9   1              inp4 = 0;
  10   1      }
  11          
  12          
  13          void reverse(void){
  14   1              inp1 = 0;         //reverse
  15   1              inp2 = 1;
  16   1              inp3 = 0;
  17   1              inp4 = 1;
  18   1      } 
  19          
  20          
  21          void stop(void){
  22   1              inp1 = 0;        //stop
  23   1              inp2 = 0;
  24   1              inp3 = 0;
  25   1              inp4 = 0;
  26   1      }


MODULE INFORMATION:   STATIC OVERLAYABLE
   CODE SIZE        =     27    ----
   CONSTANT SIZE    =   ----    ----
   XDATA SIZE       =   ----    ----
   PDATA SIZE       =   ----    ----
   DATA SIZE        =   ----    ----
   IDATA SIZE       =   ----    ----
   BIT SIZE         =   ----    ----
END OF MODULE INFORMATION.


C51 COMPILATION COMPLETE.  0 WARNING(S),  0 ERROR(S)
