C51 COMPILER V9.00   DELAY                                                                 08/11/2010 07:54:58 PAGE 1   


C51 COMPILER V9.00, COMPILATION OF MODULE DELAY
OBJECT MODULE PLACED IN delay.obj
COMPILER INVOKED BY: C:\Keil\C51\BIN\C51.EXE headers\delay.c BROWSE DEBUG OBJECTEXTEND PRINT(.\delay.lst) OBJECT(delay.o
                    -bj)

line level    source

   1          #include "delay.h"
   2          
   3          //----------------------Delay Function----------------------//
   4          void Delay(unsigned long int time){
   5   1              unsigned int i,j;
   6   1              for(i=0;i<=time;i++) for(j=0;j<=120;j++);
   7   1      }


MODULE INFORMATION:   STATIC OVERLAYABLE
   CODE SIZE        =     50    ----
   CONSTANT SIZE    =   ----    ----
   XDATA SIZE       =   ----    ----
   PDATA SIZE       =   ----    ----
   DATA SIZE        =   ----       4
   IDATA SIZE       =   ----    ----
   BIT SIZE         =   ----    ----
END OF MODULE INFORMATION.


C51 COMPILATION COMPLETE.  0 WARNING(S),  0 ERROR(S)
