C51 COMPILER V9.00   UART                                                                  08/11/2010 07:54:58 PAGE 1   


C51 COMPILER V9.00, COMPILATION OF MODULE UART
OBJECT MODULE PLACED IN uart.obj
COMPILER INVOKED BY: C:\Keil\C51\BIN\C51.EXE headers\uart.c BROWSE DEBUG OBJECTEXTEND PRINT(.\uart.lst) OBJECT(uart.obj)

line level    source

   1          #include<REG51F.H>
   2          #include<string.h>
   3          #include "uart.h"
   4          
   5          
   6          //----------------------UART Functions----------------------//
   7          void Init_Uart(void){                                                //UART INIT Function
   8   1              TMOD = 0x20;
   9   1              TH1 = 0xFD;
  10   1              TR1 = 1;
  11   1              SCON = 0x50;
  12   1      }
  13          
  14          
  15          void Transmit(unsigned char Abyte){             //UART Transmit Function
  16   1              SBUF = Abyte;
  17   1              while(0 == TI);      //wait until transmitted 
  18   1              TI = 0;
  19   1      }
  20          
  21          
  22          void Transmit_String(unsigned char *Abyte){             //UART Transmit String Function
  23   1              while('\0' != *Abyte){
  24   2                      Transmit(*Abyte);
  25   2                      Abyte++;
  26   2              }
  27   1      }
  28          
  29          
  30          unsigned char Receive(void){                            //UART Receive Function
  31   1              unsigned char Abyte;
  32   1      
  33   1              while(0 == RI);      //wait until received
  34   1              Abyte = SBUF;
  35   1              RI = 0;
  36   1      
  37   1              return (Abyte);
  38   1      }
  39          
  40          
  41          unsigned char *Receive_String(void){                    //UART Receive String Function
  42   1              static unsigned char AString[MAX_LEN_RFID_STRING + 1];
  43   1              int Idx = 0;
  44   1      
  45   1              memset(AString, 0, sizeof(AString)); //Used to clear the string
  46   1              for(Idx=0; Idx<MAX_LEN_RFID_STRING; Idx++){
  47   2                      AString[Idx] = Receive();
  48   2              }
  49   1              AString[Idx] = '\0';
  50   1      
  51   1              return (AString);
  52   1      }


MODULE INFORMATION:   STATIC OVERLAYABLE
C51 COMPILER V9.00   UART                                                                  08/11/2010 07:54:58 PAGE 2   

   CODE SIZE        =     96    ----
   CONSTANT SIZE    =   ----    ----
   XDATA SIZE       =   ----    ----
   PDATA SIZE       =   ----    ----
   DATA SIZE        =     13    ----
   IDATA SIZE       =   ----    ----
   BIT SIZE         =   ----    ----
END OF MODULE INFORMATION.


C51 COMPILATION COMPLETE.  0 WARNING(S),  0 ERROR(S)
