C51 COMPILER V9.00   LCD                                                                   08/11/2010 07:54:58 PAGE 1   


C51 COMPILER V9.00, COMPILATION OF MODULE LCD
OBJECT MODULE PLACED IN lcd.obj
COMPILER INVOKED BY: C:\Keil\C51\BIN\C51.EXE headers\lcd.c BROWSE DEBUG OBJECTEXTEND PRINT(.\lcd.lst) OBJECT(lcd.obj)

line level    source

   1          #include "lcd.h"
   2          #include "delay.h"
   3          //#include<REG51F.H>
   4          
   5          
   6          //----------------------LCD Functions----------------------//
   7          void init_lcd(void){    
   8   1              Delay(15);
   9   1              bl=0;
  10   1              display_lcd(0,0x03);
  11   1              display_lcd(0,0x03);
  12   1              display_lcd(0,0x03);
  13   1              display_lcd(0,0x02);
  14   1              display_lcd(0,0x28);
  15   1              display_lcd(0,0x0C);
  16   1              display_lcd(0,0x06);
  17   1              display_lcd(0,0x01);
  18   1      }
  19          
  20          
  21          void display_lcd(unsigned char signal, unsigned char ch){
  22   1              Delay(5);
  23   1              rs=signal;
  24   1              rw=0;
  25   1              P0 = ((P0 & 0x0F) | (ch & 0xF0));
  26   1              enable();
  27   1              P0 = ((P0 & 0x0F) | ((ch<<4) & 0xF0));
  28   1              enable();
  29   1      }
  30          
  31          
  32          void enable(void){
  33   1              en=1;
  34   1              Delay(3);
  35   1              en=0;
  36   1      }
  37          
  38          
  39          void lcd_string(unsigned char *ch){
  40   1              while(*ch != '\0'){
  41   2                      display_lcd(1, *ch);
  42   2                      ch++;
  43   2              }
  44   1      }


MODULE INFORMATION:   STATIC OVERLAYABLE
   CODE SIZE        =    168    ----
   CONSTANT SIZE    =   ----    ----
   XDATA SIZE       =   ----    ----
   PDATA SIZE       =   ----    ----
   DATA SIZE        =   ----       5
   IDATA SIZE       =   ----    ----
   BIT SIZE         =   ----    ----
END OF MODULE INFORMATION.

C51 COMPILER V9.00   LCD                                                                   08/11/2010 07:54:58 PAGE 2   


C51 COMPILATION COMPLETE.  0 WARNING(S),  0 ERROR(S)
