C51 COMPILER V9.59.0.0   HELLO                                                             03/22/2021 17:07:27 PAGE 1   


C51 COMPILER V9.59.0.0, COMPILATION OF MODULE HELLO
OBJECT MODULE PLACED IN hello.OBJ
COMPILER INVOKED BY: C:\Keil_v5\C51\BIN\C51.EXE hello.c BROWSE DEBUG OBJECTEXTEND

line level    source

   1          #include <REG51F.H>
   2          
   3          void init_uart(void);
   4          void tx(unsigned char ch);
   5          
   6          void main(void)
   7          {
   8   1              init_uart();
   9   1      
  10   1              tx('H');
  11   1              tx('e');
  12   1              tx('l');
  13   1              tx('l');
  14   1              tx('o');
  15   1              tx(' ');
  16   1      
  17   1              while(1)
  18   1              {
  19   2              }
  20   1      
  21   1      }
  22          
  23          void init_uart(void)
  24          {
  25   1              TMOD=0x20;
  26   1              TH1=0xfd;
  27   1              TR1=1;
  28   1              SCON=0x50;
  29   1      }
  30          
  31          void tx(unsigned char ch)
  32          {
  33   1              SBUF=ch;
  34   1              while(TI==0);
  35   1              TI=0;
  36   1      }


MODULE INFORMATION:   STATIC OVERLAYABLE
   CODE SIZE        =     55    ----
   CONSTANT SIZE    =   ----    ----
   XDATA SIZE       =   ----    ----
   PDATA SIZE       =   ----    ----
   DATA SIZE        =   ----    ----
   IDATA SIZE       =   ----    ----
   BIT SIZE         =   ----    ----
END OF MODULE INFORMATION.


C51 COMPILATION COMPLETE.  0 WARNING(S),  0 ERROR(S)
