C51 COMPILER V9.59.0.0   SSD_DISPLAY                                                       03/05/2021 13:56:47 PAGE 1   


C51 COMPILER V9.59.0.0, COMPILATION OF MODULE SSD_DISPLAY
OBJECT MODULE PLACED IN ssd_display.OBJ
COMPILER INVOKED BY: C:\Keil_v5\C51\BIN\C51.EXE ssd_display.c BROWSE DEBUG OBJECTEXTEND

line level    source

   1          #include<REG51F.H>
   2          
   3          sbit SWITCH0 = P2^0;
   4          sbit SWITCH1 = P2^1;
   5          sbit SWITCH2 = P2^2;
   6          sbit SWITCH3 = P2^3;
   7          
   8          void display(unsigned int your_value1, unsigned int your_value2, unsigned int your_value3, unsigned int yo
             -ur_value4);
   9          void ssd_switch(unsigned int a, unsigned int b, unsigned int c, unsigned int d);
  10          void delay(unsigned long int time);
  11          
  12          void main(){
  13   1              while(1){
  14   2                      display(4,5,7,2);
  15   2              }
  16   1      }
  17          
  18          void display(unsigned int your_value1, unsigned int your_value2, unsigned int your_value3, unsigned int yo
             -ur_value4){
  19   1              unsigned long int value_array[] = {0xFC, 0x0C, 0xDA, 0xF2, 0x66, 0xB6, 0xBE, 0xE0, 0xFE, 0xF6}; //0123456
             -789
  20   1              
  21   1              ssd_switch(1,1,1,0);
  22   1              P0 = value_array[your_value1];
  23   1              delay(1);
  24   1              P0 = 0x00;
  25   1      
  26   1              ssd_switch(1,1,0,1);
  27   1              P0 = value_array[your_value2];
  28   1              delay(1);
  29   1              P0 = 0x00;
  30   1      
  31   1              ssd_switch(1,0,1,1);
  32   1              P0 = value_array[your_value3];
  33   1              delay(1);
  34   1              P0 = 0x00;
  35   1      
  36   1              ssd_switch(0,1,1,1);
  37   1              P0 = value_array[your_value4];
  38   1              delay(1);
  39   1              P0 = 0x00;
  40   1      }
  41          
  42          void ssd_switch(unsigned int a, unsigned int b, unsigned int c, unsigned int d){
  43   1              SWITCH0 = a;
  44   1              SWITCH1 = b;
  45   1              SWITCH2 = c;
  46   1              SWITCH3 = d;
  47   1      }
  48          
  49          void delay(unsigned long int time){                       //Delay Function
  50   1              unsigned long int i;
  51   1              unsigned int j;
  52   1      
C51 COMPILER V9.59.0.0   SSD_DISPLAY                                                       03/05/2021 13:56:47 PAGE 2   

  53   1              for(i=0;i<time;i++){
  54   2                      for(j=0;j<120;j++){
  55   3                              
  56   3                      }
  57   2              }
  58   1      }


MODULE INFORMATION:   STATIC OVERLAYABLE
   CODE SIZE        =    265    ----
   CONSTANT SIZE    =     40    ----
   XDATA SIZE       =   ----    ----
   PDATA SIZE       =   ----    ----
   DATA SIZE        =   ----      64
   IDATA SIZE       =   ----    ----
   BIT SIZE         =   ----    ----
END OF MODULE INFORMATION.


C51 COMPILATION COMPLETE.  0 WARNING(S),  0 ERROR(S)
