C51 COMPILER V9.59.0.0   MARATHON_LED                                                      03/04/2021 04:06:50 PAGE 1   


C51 COMPILER V9.59.0.0, COMPILATION OF MODULE MARATHON_LED
OBJECT MODULE PLACED IN marathon_led.OBJ
COMPILER INVOKED BY: C:\Keil_v5\C51\BIN\C51.EXE marathon_led.c BROWSE DEBUG OBJECTEXTEND

line level    source

   1          #include<REG51F.H>
   2          
   3          void delay(unsigned long int time);
   4          void marathon(unsigned int no_of_led);
   5          
   6          void main(){
   7   1              unsigned int loop=0;
   8   1              while(loop<3){
   9   2                      marathon(8);
  10   2                      loop++;
  11   2                      if(loop==3){
  12   3                              P0 = 0xFF;
  13   3                              delay(250);
  14   3                              P0 = 0x00;
  15   3                      }
  16   2              }
  17   1              while(1){}
  18   1      }
  19          
  20          void delay(unsigned long int time){                       //Delay Function
  21   1              unsigned long int i;
  22   1              unsigned int j;
  23   1      
  24   1              for(i=0;i<time;i++){
  25   2                      for(j=0;j<120;j++){
  26   3                              
  27   3                      }
  28   2              }
  29   1      }
  30          
  31          void marathon(unsigned int no_of_led){
  32   1              unsigned int i,j, value=1;
  33   1      
  34   1              P0 = value;
  35   1              delay(500);
  36   1      
  37   1              for(i=1;i<no_of_led;i++){
  38   2                      value = value<<1;
  39   2                      P0 = value;
  40   2                      delay(500);
  41   2      
  42   2                      if(i == no_of_led-1){
  43   3                              for(j=no_of_led-1;j>1;j--){
  44   4                                      value = value>>1;
  45   4                                      P0 = value;
  46   4                                      delay(500);
  47   4                              }
  48   3                      }
  49   2              }
  50   1      }
  51          
  52          //void forward(){                                                                       //Forward Function
  53          //      unsigned long int i;
  54          //      unsigned int count;
  55          //      unsigned int value;
C51 COMPILER V9.59.0.0   MARATHON_LED                                                      03/04/2021 04:06:50 PAGE 2   

  56          //      
  57          //      value = 0x02;
  58          //      count = 0;
  59          //      
  60          //      for(i=0;i<3;i++)
  61          //      {
  62          //              value = count + value;
  63          //              count = value;
  64          //              P0 = value;
  65          //              delay(1000);
  66          //      }
  67          //      
  68          //      value = 0x10;
  69          //      count = 0;
  70          //
  71          //      for(i=0;i<4;i++)
  72          //      {
  73          //              value = count + value;
  74          //              count = value;
  75          //              P0 = value;
  76          //              delay(1000);
  77          //      }
  78          //
  79          //}
  80          //
  81          //void backward(){
  82          //      unsigned long int i;
  83          //      unsigned int count;
  84          //      unsigned int value;
  85          //      
  86          //      value = 0x40;
  87          //      count = 0;
  88          //      
  89          //      for(i=0;i<3;i++)
  90          //      {
  91          //              value = value - count;
  92          //              count = value/2;
  93          //              P0 = value;
  94          //              delay(1000);
  95          //      }
  96          //      
  97          //      value = 0x08;
  98          //      count = 0;
  99          //      
 100          //      for(i=0;i<3;i++)
 101          //      {
 102          //              value = value - count;
 103          //              count = value/2;
 104          //              P0 = value;
 105          //              delay(1000);
 106          //      }
 107          //
 108          //} 


MODULE INFORMATION:   STATIC OVERLAYABLE
   CODE SIZE        =    256    ----
   CONSTANT SIZE    =   ----    ----
   XDATA SIZE       =   ----    ----
   PDATA SIZE       =   ----    ----
   DATA SIZE        =   ----      18
   IDATA SIZE       =   ----    ----
C51 COMPILER V9.59.0.0   MARATHON_LED                                                      03/04/2021 04:06:50 PAGE 3   

   BIT SIZE         =   ----    ----
END OF MODULE INFORMATION.


C51 COMPILATION COMPLETE.  0 WARNING(S),  0 ERROR(S)
