C51 COMPILER V9.59.0.0   LED_WITH_TIMER                                                    03/17/2021 13:27:45 PAGE 1   


C51 COMPILER V9.59.0.0, COMPILATION OF MODULE LED_WITH_TIMER
OBJECT MODULE PLACED IN led_with_timer.OBJ
COMPILER INVOKED BY: C:\Keil_v5\C51\BIN\C51.EXE led_with_timer.c BROWSE DEBUG OBJECTEXTEND

line level    source

   1          #include<REG51F.H>
   2          
   3          void T0Delay(){
   4   1              TMOD = 0x10;
   5   1              //TL1 = 0xA4;
   6   1              T1 = 0x3500;
   7   1              TR1 = 1;
   8   1              while(TF1==0);
   9   1              TR1 = 0;
  10   1              TF1 = 0;
  11   1      }
  12          
  13          void main(){
  14   1              P0 = 0xFF;
  15   1              while(1){
  16   2                      P0 = ~P0;
  17   2                      T0Delay();
  18   2              }
  19   1      }


MODULE INFORMATION:   STATIC OVERLAYABLE
   CODE SIZE        =     26    ----
   CONSTANT SIZE    =   ----    ----
   XDATA SIZE       =   ----    ----
   PDATA SIZE       =   ----    ----
   DATA SIZE        =   ----    ----
   IDATA SIZE       =   ----    ----
   BIT SIZE         =   ----    ----
END OF MODULE INFORMATION.


C51 COMPILATION COMPLETE.  0 WARNING(S),  0 ERROR(S)
