C51 COMPILER V9.00   LED_ON_OFF                                                            03/01/2021 17:00:31 PAGE 1   


C51 COMPILER V9.00, COMPILATION OF MODULE LED_ON_OFF
OBJECT MODULE PLACED IN led_on_off.OBJ
COMPILER INVOKED BY: C:\Keil\C51\BIN\C51.EXE led_on_off.c LARGE BROWSE DEBUG OBJECTEXTEND

line level    source

   1          //#include <P89V51Rx2.H>
   2          #include <REG51F.h>
   3          
   4          void delay(unsigned long int time);
   5          
   6          void main() {
   7   1              while(1) {
   8   2                      P0 = 0xFF;      // All LEDs ON
   9   2                      delay(500);
  10   2                      P0 = 0x00;      // All LEDs OFF
  11   2                      delay(500);
  12   2              }
  13   1      }
  14          
  15          void delay(unsigned long int time) {
  16   1              unsigned long int i;
  17   1              unsigned int j;
  18   1      
  19   1              for (i=0; i<time; i++)
  20   1              {
  21   2                      for (j=0; j<120; j++)
  22   2                      {
  23   3                      }
  24   2              }
  25   1      }


MODULE INFORMATION:   STATIC OVERLAYABLE
   CODE SIZE        =    124    ----
   CONSTANT SIZE    =   ----    ----
   XDATA SIZE       =   ----       8
   PDATA SIZE       =   ----    ----
   DATA SIZE        =   ----    ----
   IDATA SIZE       =   ----    ----
   BIT SIZE         =   ----    ----
END OF MODULE INFORMATION.


C51 COMPILATION COMPLETE.  0 WARNING(S),  0 ERROR(S)
