C51 COMPILER V9.59.0.0   INTERRPT_T0                                                       03/20/2021 14:47:31 PAGE 1   


C51 COMPILER V9.59.0.0, COMPILATION OF MODULE INTERRPT_T0
OBJECT MODULE PLACED IN interrpt_t0.OBJ
COMPILER INVOKED BY: C:\Keil_v5\C51\BIN\C51.EXE interrpt_t0.c BROWSE DEBUG OBJECTEXTEND

line level    source

   1          #include<REG51F.H>
   2          
   3          unsigned int count=0;
   4          void T0Delay(){
   5   1              TMOD = 0x01;
   6   1              TH0 = 0x00;
   7   1              TL0 = 0x00;
   8   1              TR0 = 1;
   9   1              while(TF0==0);
  10   1              TR0 = 0;
  11   1              TF0 = 0;
  12   1      }
  13          
  14          void timer0_isr() interrupt 1{
  15   1              count++;
  16   1              //T0Delay();
  17   1              if(count == 2){
  18   2                      P0 = ~P0;
  19   2                      count = 0;
  20   2                      T0Delay();
  21   2              }
  22   1      }
  23          
  24          void main(){
  25   1              P0 = 0xFF;
  26   1              while(1){
  27   2                      T0Delay();
  28   2                      EA = 1;
  29   2                      ET0 = 1;
  30   2              }
  31   1      }


MODULE INFORMATION:   STATIC OVERLAYABLE
   CODE SIZE        =     59    ----
   CONSTANT SIZE    =   ----    ----
   XDATA SIZE       =   ----    ----
   PDATA SIZE       =   ----    ----
   DATA SIZE        =      2    ----
   IDATA SIZE       =   ----    ----
   BIT SIZE         =   ----    ----
END OF MODULE INFORMATION.


C51 COMPILATION COMPLETE.  0 WARNING(S),  0 ERROR(S)
