C51 COMPILER V9.00   FORWARD_BACKWARD                                                      08/11/2010 08:17:35 PAGE 1   


C51 COMPILER V9.00, COMPILATION OF MODULE FORWARD_BACKWARD
OBJECT MODULE PLACED IN forward_backward.OBJ
COMPILER INVOKED BY: C:\Keil\C51\BIN\C51.EXE forward_backward.c BROWSE DEBUG OBJECTEXTEND

line level    source

   1          #include <REG51F.H>
   2          
   3          
   4          sbit en12=P1^0;         //enable pin
   5          sbit en34=P1^5;         //enable pin
   6          sbit inp1=P1^1;         //inp1 for mtr 1
   7          sbit inp2=P1^2;         //inp2 for mtr 1
   8          sbit inp3=P1^3;         //inp1 for mtr 2
   9          sbit inp4=P1^4;         //inp2 for mtr 2
  10          
  11          
  12          void delay(unsigned int time);
  13          void forward(void);
  14          void reverse(void);
  15          void stop(void);
  16          
  17          
  18          #define en12 1
  19          #define en34 1
  20          
  21          
  22          void main(void){
  23   1              
  24   1      
  25   1              while(1){
  26   2                      forward();
  27   2                      stop();
  28   2                      reverse();
  29   2                      stop();
  30   2              }
  31   1      }
  32          
  33          
  34          void delay(unsigned int itime){
  35   1              unsigned int i,j;
  36   1              for(i=0;i<itime;i++) for(j=0;j<120;j++);
  37   1      }
  38          
  39          
  40          void forward(void){
  41   1              inp1 = 1;        //forward
  42   1              inp2 = 0;
  43   1              inp3 = 1;
  44   1              inp4 = 0;
  45   1      
  46   1              delay(500);
  47   1              delay(500);
  48   1      }
  49          
  50          
  51          void reverse(void){
  52   1              inp1 = 0;         //reverse
  53   1              inp2 = 1;
  54   1              inp3 = 0;
  55   1              inp4 = 1;
C51 COMPILER V9.00   FORWARD_BACKWARD                                                      08/11/2010 08:17:35 PAGE 2   

  56   1      
  57   1              delay(500);
  58   1              delay(500);
  59   1      } 
  60          
  61          
  62          void stop(void){
  63   1              inp1 = 0;        //stop
  64   1              inp2 = 0;
  65   1              inp3 = 0;
  66   1              inp4 = 0;
  67   1      
  68   1              delay(500);
  69   1              delay(500);
  70   1      }


MODULE INFORMATION:   STATIC OVERLAYABLE
   CODE SIZE        =     90    ----
   CONSTANT SIZE    =   ----    ----
   XDATA SIZE       =   ----    ----
   PDATA SIZE       =   ----    ----
   DATA SIZE        =   ----    ----
   IDATA SIZE       =   ----    ----
   BIT SIZE         =   ----    ----
END OF MODULE INFORMATION.


C51 COMPILATION COMPLETE.  0 WARNING(S),  0 ERROR(S)
