C51 COMPILER V9.59.0.0   BIODATA                                                           04/02/2021 10:38:58 PAGE 1   


C51 COMPILER V9.59.0.0, COMPILATION OF MODULE BIODATA
OBJECT MODULE PLACED IN biodata.OBJ
COMPILER INVOKED BY: C:\Keil_v5\C51\BIN\C51.EXE biodata.c BROWSE DEBUG OBJECTEXTEND

line level    source

   1          #include <REG51F.H>
   2          
   3          
   4          //-------------------Switch Declaration---------------//
   5          sbit bl = P0^0; //backlight
   6          sbit rs = P0^1;
   7          sbit rw = P0^2;
   8          sbit en = P0^3;
   9          
  10          
  11          //--------------------Function Declaration------------------//
  12          void Delay(unsigned int time);
  13          void lcd_string(unsigned char *ch);
  14          void enable(void);
  15          void init_lcd(void);
  16          void display(unsigned char signal, unsigned char ch);
  17          
  18          
  19          void main(){
  20   1              init_lcd();
  21   1      
  22   1              while(1){
  23   2                      display(0,0x84);                        //Data in 1st line with leaving 3 space
  24   2                      lcd_string("Hii I Am");
  25   2                      display(0,0xC1);                        //Data in 2nd line with leaving no space
  26   2                      lcd_string("Manthan Ladva");
  27   2              
  28   2                      Delay(2000);
  29   2                      display(0,0x01);
  30   2              
  31   2                      display(0,0x83);
  32   2                      lcd_string("I Am An");
  33   2                      display(0,0xC0);
  34   2                      lcd_string("Embedded Enginer");
  35   2              
  36   2                      Delay(2000);
  37   2                      display(0,0x01);
  38   2              
  39   2                      display(0,0x85);
  40   2                      lcd_string("& Also");
  41   2                      display(0,0xC2);
  42   2                      lcd_string("M.L. Enginner");
  43   2      
  44   2                      Delay(2000);
  45   2                      display(0,0x01);
  46   2              }
  47   1      }
  48          
  49          
  50          void init_lcd(void){    
  51   1              Delay(15);
  52   1              bl=0;
  53   1      //      display(0,0x03);
  54   1      //      display(0,0x03);
  55   1      //      display(0,0x03);
C51 COMPILER V9.59.0.0   BIODATA                                                           04/02/2021 10:38:58 PAGE 2   

  56   1              display(0,0x02);
  57   1              display(0,0x28);
  58   1              display(0,0x0C);
  59   1              display(0,0x06);
  60   1              display(0,0x01);
  61   1      }
  62          
  63          
  64          void display(unsigned char signal, unsigned char ch){
  65   1              Delay(5);
  66   1              rs=signal;
  67   1              rw=0;
  68   1              P0 = ((P0 & 0x0F) | (ch & 0xF0));
  69   1              enable();
  70   1              P0 = ((P0 & 0x0F) | ((ch<<4) & 0xF0));
  71   1              enable();
  72   1      }
  73          
  74          
  75          void enable(void){
  76   1              en=1;
  77   1              Delay(3);
  78   1              en=0;
  79   1      }
  80          
  81          
  82          void lcd_string(unsigned char *ch){
  83   1              while(*ch != '\0'){
  84   2                      display(1, *ch);
  85   2                      ch++;
  86   2              }
  87   1      }
  88          
  89          
  90          void Delay(unsigned int time) {             //Delay Function
  91   1              unsigned int i,j;
  92   1              for(i=0;i<time;i++)
  93   1                      for(j=0;j<120;j++);
  94   1      }


MODULE INFORMATION:   STATIC OVERLAYABLE
   CODE SIZE        =    303    ----
   CONSTANT SIZE    =     69    ----
   XDATA SIZE       =   ----    ----
   PDATA SIZE       =   ----    ----
   DATA SIZE        =   ----       5
   IDATA SIZE       =   ----    ----
   BIT SIZE         =   ----    ----
END OF MODULE INFORMATION.


C51 COMPILATION COMPLETE.  0 WARNING(S),  0 ERROR(S)
